\BOOKMARK [0][-]{Doc-Start}{\376\377\000A\000B\000S\000T\000R\000A\000K}{}% 1
\BOOKMARK [0][-]{Doc-Start}{\376\377\000A\000B\000S\000T\000R\000A\000C\000T}{}% 2
\BOOKMARK [0][-]{Doc-Start}{\376\377\000K\000A\000T\000A\000\040\000P\000E\000N\000G\000A\000N\000T\000A\000R}{}% 3
\BOOKMARK [0][-]{Item.3}{\376\377\000D\000A\000F\000T\000A\000R\000\040\000I\000S\000I}{}% 4
\BOOKMARK [0][-]{chapter*.1}{\376\377\000D\000A\000F\000T\000A\000R\000\040\000G\000A\000M\000B\000A\000R}{}% 5
\BOOKMARK [0][-]{chapter*.2}{\376\377\000D\000A\000F\000T\000A\000R\000\040\000T\000A\000B\000E\000L}{}% 6
\BOOKMARK [0][-]{chapter.1}{\376\377\0001\000\040\000P\000E\000N\000D\000A\000H\000U\000L\000U\000A\000N}{}% 7
\BOOKMARK [1][-]{section.1.1}{\376\377\0001\000.\0001\000\040\000L\000a\000t\000a\000r\000\040\000B\000e\000l\000a\000k\000a\000n\000g}{chapter.1}% 8
\BOOKMARK [1][-]{section.1.2}{\376\377\0001\000.\0002\000\040\000P\000e\000r\000m\000a\000s\000a\000l\000a\000h\000a\000n}{chapter.1}% 9
\BOOKMARK [1][-]{section.1.3}{\376\377\0001\000.\0003\000\040\000B\000a\000t\000a\000s\000a\000n\000\040\000M\000a\000s\000a\000l\000a\000h\000\040\000a\000t\000a\000u\000\040\000R\000u\000a\000n\000g\000\040\000L\000i\000n\000g\000k\000u\000p}{chapter.1}% 10
\BOOKMARK [1][-]{section.1.4}{\376\377\0001\000.\0004\000\040\000T\000u\000j\000u\000a\000n}{chapter.1}% 11
\BOOKMARK [1][-]{section.1.5}{\376\377\0001\000.\0005\000\040\000M\000a\000n\000f\000a\000a\000t}{chapter.1}% 12
\BOOKMARK [0][-]{chapter.2}{\376\377\0002\000\040\000T\000I\000N\000J\000A\000U\000A\000N\000\040\000P\000U\000S\000T\000A\000K\000A}{}% 13
\BOOKMARK [1][-]{subsection.2.0.1}{\376\377\0002\000.\0000\000.\0001\000\040\000N\000o\000n\000-\000F\000u\000n\000g\000i\000b\000l\000e\000\040\000T\000o\000k\000e\000n\000\040\000\050\000N\000F\000T\000\051\000:\000\040\000O\000v\000e\000r\000v\000i\000e\000w\000,\000\040\000E\000v\000a\000l\000u\000a\000t\000i\000o\000n\000,\000\040\000O\000p\000p\000o\000r\000t\000u\000n\000i\000t\000i\000e\000s\000\040\000a\000n\000d\000\040\000C\000h\000a\000l\000l\000e\000n\000g\000e\000s}{chapter.2}% 14
\BOOKMARK [2][-]{subsection.2.0.2}{\376\377\0002\000.\0000\000.\0002\000\040\000B\000l\000o\000c\000k\000c\000h\000a\000i\000n\000\040\000t\000e\000c\000h\000n\000o\000l\000o\000g\000y\000\040\000f\000o\000r\000\040\000c\000r\000e\000a\000t\000i\000v\000e\000\040\000i\000n\000d\000u\000s\000t\000r\000i\000e\000s\000:\000\040\000C\000u\000r\000r\000e\000n\000t\000\040\000s\000t\000a\000t\000e\000\040\000a\000n\000d\000\040\000r\000e\000s\000e\000a\000r\000c\000h\000\040\000o\000p\000p\000o\000r\000t\000u\000n\000i\000t\000i\000e\000s}{subsection.2.0.1}% 15
\BOOKMARK [2][-]{subsection.2.0.3}{\376\377\0002\000.\0000\000.\0003\000\040\000A\000n\000\040\000O\000v\000e\000r\000v\000i\000e\000w\000\040\000o\000n\000\040\000S\000m\000a\000r\000t\000\040\000C\000o\000n\000t\000r\000a\000c\000t\000s\000:\000\040\000C\000h\000a\000l\000l\000e\000n\000g\000e\000s\000,\000\040\000A\000d\000v\000a\000n\000c\000e\000s\000\040\000a\000n\000d\000\040\000P\000l\000a\000t\000f\000o\000r\000m\000s}{subsection.2.0.1}% 16
\BOOKMARK [2][-]{subsection.2.0.4}{\376\377\0002\000.\0000\000.\0004\000\040\000B\000l\000o\000c\000k\000c\000h\000a\000i\000n\000\040\000f\000o\000r\000\040\000t\000h\000e\000\040\000m\000e\000t\000a\000v\000e\000r\000s\000e\000:\000\040\000A\000\040\000R\000e\000v\000i\000e\000w}{subsection.2.0.1}% 17
\BOOKMARK [1][-]{section.2.1}{\376\377\0002\000.\0001\000\040\000D\000a\000s\000a\000r\000\040\000T\000e\000o\000r\000i}{chapter.2}% 18
\BOOKMARK [2][-]{subsection.2.1.1}{\376\377\0002\000.\0001\000.\0001\000\040\000B\000l\000o\000c\000k\000c\000h\000a\000i\000n}{section.2.1}% 19
\BOOKMARK [2][-]{subsection.2.1.2}{\376\377\0002\000.\0001\000.\0002\000\040\000E\000t\000h\000e\000r\000e\000u\000m}{section.2.1}% 20
\BOOKMARK [2][-]{subsection.2.1.3}{\376\377\0002\000.\0001\000.\0003\000\040\000E\000t\000h\000e\000r\000e\000u\000m\000\040\000V\000i\000r\000t\000u\000a\000l\000\040\000M\000a\000c\000h\000i\000n\000e\000\040\000\050\000E\000V\000M\000\051}{section.2.1}% 21
\BOOKMARK [2][-]{subsection.2.1.4}{\376\377\0002\000.\0001\000.\0004\000\040\000T\000o\000k\000e\000n}{section.2.1}% 22
\BOOKMARK [2][-]{subsection.2.1.5}{\376\377\0002\000.\0001\000.\0005\000\040\000N\000o\000n\000-\000F\000u\000n\000g\000i\000b\000l\000e\000\040\000T\000o\000k\000e\000n\000\040\000\050\000N\000F\000T\000\051}{section.2.1}% 23
\BOOKMARK [2][-]{subsection.2.1.6}{\376\377\0002\000.\0001\000.\0006\000\040\000M\000i\000n\000t\000i\000n\000g}{section.2.1}% 24
\BOOKMARK [2][-]{subsection.2.1.7}{\376\377\0002\000.\0001\000.\0007\000\040\000S\000m\000a\000r\000t\000\040\000C\000o\000n\000t\000r\000a\000c\000t\000s}{section.2.1}% 25
\BOOKMARK [2][-]{subsection.2.1.8}{\376\377\0002\000.\0001\000.\0008\000\040\000I\000n\000t\000e\000r\000P\000l\000a\000n\000e\000t\000a\000r\000y\000\040\000F\000i\000l\000e\000\040\000S\000y\000s\000t\000e\000m\000\040\000\050\000I\000P\000F\000S\000\051}{section.2.1}% 26
\BOOKMARK [2][-]{subsection.2.1.9}{\376\377\0002\000.\0001\000.\0009\000\040\000W\000e\000b\000\040\0003\000.\0000}{section.2.1}% 27
\BOOKMARK [2][-]{subsection.2.1.10}{\376\377\0002\000.\0001\000.\0001\0000\000\040\000C\000r\000o\000s\000s\000-\000c\000h\000a\000i\000n\000\040\000I\000n\000t\000e\000r\000o\000p\000e\000r\000a\000b\000i\000l\000i\000t\000y\000\040\000P\000r\000o\000t\000o\000c\000o\000l}{section.2.1}% 28
\BOOKMARK [0][-]{chapter.3}{\376\377\0003\000\040\000M\000E\000T\000O\000D\000O\000L\000O\000G\000I}{}% 29
\BOOKMARK [1][-]{section.3.1}{\376\377\0003\000.\0001\000\040\000D\000e\000s\000k\000r\000i\000p\000s\000i\000\040\000S\000i\000s\000t\000e\000m}{chapter.3}% 30
\BOOKMARK [2][-]{subsection.3.1.1}{\376\377\0003\000.\0001\000.\0001\000\040\000A\000r\000s\000i\000t\000e\000k\000t\000u\000r\000\040\000S\000i\000s\000t\000e\000m}{section.3.1}% 31
\BOOKMARK [2][-]{subsection.3.1.2}{\376\377\0003\000.\0001\000.\0002\000\040\000F\000l\000o\000w\000\040\000P\000e\000m\000b\000e\000l\000i\000a\000n\000\040\000N\000F\000T}{section.3.1}% 32
\BOOKMARK [2][-]{subsection.3.1.3}{\376\377\0003\000.\0001\000.\0003\000\040\000M\000e\000t\000a\000d\000a\000t\000a}{section.3.1}% 33
\BOOKMARK [2][-]{subsection.3.1.4}{\376\377\0003\000.\0001\000.\0004\000\040\000M\000i\000n\000t\000i\000n\000g}{section.3.1}% 34
\BOOKMARK [1][-]{section.3.2}{\376\377\0003\000.\0002\000\040\000T\000o\000o\000l\000s\000\040\000y\000a\000n\000g\000\040\000d\000i\000g\000u\000n\000a\000k\000a\000n}{chapter.3}% 35
\BOOKMARK [2][-]{subsection.3.2.1}{\376\377\0003\000.\0002\000.\0001\000\040\000S\000o\000l\000i\000d\000i\000t\000y}{section.3.2}% 36
\BOOKMARK [2][-]{subsection.3.2.2}{\376\377\0003\000.\0002\000.\0002\000\040\000M\000e\000t\000a\000m\000a\000s\000k}{section.3.2}% 37
\BOOKMARK [2][-]{subsection.3.2.3}{\376\377\0003\000.\0002\000.\0003\000\040\000H\000a\000r\000d\000h\000a\000t}{section.3.2}% 38
\BOOKMARK [2][-]{subsection.3.2.4}{\376\377\0003\000.\0002\000.\0004\000\040\000G\000a\000n\000a\000c\000h\000e}{section.3.2}% 39
\BOOKMARK [2][-]{subsection.3.2.5}{\376\377\0003\000.\0002\000.\0005\000\040\000I\000n\000t\000e\000r\000P\000l\000a\000n\000e\000t\000a\000r\000y\000\040\000F\000i\000l\000e\000\040\000S\000y\000s\000t\000e\000m}{section.3.2}% 40
\BOOKMARK [2][-]{subsection.3.2.6}{\376\377\0003\000.\0002\000.\0006\000\040\000R\000e\000a\000c\000t\000.\000j\000s}{section.3.2}% 41
\BOOKMARK [2][-]{subsection.3.2.7}{\376\377\0003\000.\0002\000.\0007\000\040\000W\000e\000b\0003\000.\000j\000s}{section.3.2}% 42
\BOOKMARK [2][-]{subsection.3.2.8}{\376\377\0003\000.\0002\000.\0008\000\040\000E\000t\000h\000e\000r\000s\000.\000j\000s}{section.3.2}% 43
\BOOKMARK [2][-]{subsection.3.2.9}{\376\377\0003\000.\0002\000.\0009\000\040\000E\000t\000h\000e\000r\000s\000c\000a\000n}{section.3.2}% 44
\BOOKMARK [2][-]{subsection.3.2.10}{\376\377\0003\000.\0002\000.\0001\0000\000\040\000T\000o\000k\000e\000n\000\040\000E\000R\000C\000-\0007\0002\0001}{section.3.2}% 45
\BOOKMARK [1][-]{section.3.3}{\376\377\0003\000.\0003\000\040\000M\000e\000t\000o\000d\000e\000\040\000Y\000a\000n\000g\000\040\000D\000i\000g\000u\000n\000a\000k\000a\000n}{chapter.3}% 46
\BOOKMARK [2][-]{subsection.3.3.1}{\376\377\0003\000.\0003\000.\0001\000\040\000S\000m\000a\000r\000t\000\040\000C\000o\000n\000t\000r\000a\000c\000t\000\040\000d\000a\000n\000\040\000I\000n\000t\000e\000r\000o\000p\000e\000r\000a\000b\000i\000l\000i\000t\000a\000s}{section.3.3}% 47
\BOOKMARK [2][-]{subsection.3.3.2}{\376\377\0003\000.\0003\000.\0002\000\040\000P\000e\000n\000g\000e\000m\000b\000a\000n\000g\000a\000n\000\040\000F\000r\000o\000n\000t\000e\000n\000d}{section.3.3}% 48
\BOOKMARK [2][-]{subsection.3.3.3}{\376\377\0003\000.\0003\000.\0003\000\040\000I\000n\000t\000e\000g\000r\000a\000s\000i\000\040\000S\000m\000a\000r\000t\000\040\000C\000o\000n\000t\000r\000a\000c\000t\000\040\000d\000e\000n\000g\000a\000n\000\040\000F\000r\000o\000n\000t\000e\000n\000d}{section.3.3}% 49
\BOOKMARK [2][-]{subsection.3.3.4}{\376\377\0003\000.\0003\000.\0004\000\040\000P\000e\000n\000g\000u\000j\000i\000a\000n}{section.3.3}% 50
\BOOKMARK [0][-]{chapter.4}{\376\377\0004\000\040\000H\000A\000S\000I\000L\000\040\000D\000A\000N\000\040\000P\000E\000M\000B\000A\000H\000A\000S\000A\000N}{}% 51
\BOOKMARK [1][-]{section.4.1}{\376\377\0004\000.\0001\000\040\000H\000a\000s\000i\000l}{chapter.4}% 52
\BOOKMARK [2][-]{subsection.4.1.1}{\376\377\0004\000.\0001\000.\0001\000\040\000W\000e\000b\000\040\000I\000n\000t\000e\000r\000f\000a\000c\000e}{section.4.1}% 53
\BOOKMARK [2][-]{subsection.4.1.2}{\376\377\0004\000.\0001\000.\0002\000\040\000S\000m\000a\000r\000t\000\040\000C\000o\000n\000t\000r\000a\000c\000t}{section.4.1}% 54
\BOOKMARK [2][-]{subsection.4.1.3}{\376\377\0004\000.\0001\000.\0003\000\040\000N\000o\000n\000-\000F\000u\000n\000g\000i\000b\000l\000e\000\040\000T\000o\000k\000e\000n\000\040\000\050\000N\000F\000T\000\051}{section.4.1}% 55
\BOOKMARK [1][-]{section.4.2}{\376\377\0004\000.\0002\000\040\000P\000e\000n\000g\000u\000j\000i\000a\000n}{chapter.4}% 56
\BOOKMARK [2][-]{subsection.4.2.1}{\376\377\0004\000.\0002\000.\0001\000\040\000P\000e\000n\000g\000u\000j\000i\000a\000n\000\040\000F\000i\000t\000u\000r\000\040\000S\000m\000a\000r\000t\000\040\000C\000o\000n\000t\000r\000a\000c\000t}{section.4.2}% 57
\BOOKMARK [2][-]{subsection.4.2.2}{\376\377\0004\000.\0002\000.\0002\000\040\000P\000e\000n\000g\000u\000j\000i\000a\000n\000\040\000I\000n\000t\000e\000g\000r\000a\000s\000i\000\040\000S\000m\000a\000r\000t\000\040\000C\000o\000n\000t\000r\000a\000c\000t\000\040\000D\000e\000n\000g\000a\000n\000\040\000W\000e\000b\0003\000.\0000}{section.4.2}% 58
\BOOKMARK [2][-]{subsection.4.2.3}{\376\377\0004\000.\0002\000.\0003\000\040\000P\000e\000n\000g\000u\000j\000i\000a\000n\000\040\000F\000i\000t\000u\000r\000\040\000T\000r\000a\000n\000s\000f\000e\000r\000\040\000O\000w\000n\000e\000r\000s\000h\000i\000p\000\040\000S\000e\000c\000a\000r\000a\000\040\000L\000o\000c\000a\000l\000h\000o\000s\000t\000\040\000D\000a\000n\000\040\000S\000e\000c\000a\000r\000a\000\040\000L\000i\000n\000t\000a\000s\000\040\000B\000l\000o\000c\000k\000c\000h\000a\000i\000n}{section.4.2}% 59
\BOOKMARK [0][-]{chapter.5}{\376\377\0005\000\040\000P\000E\000N\000U\000T\000U\000P}{}% 60
\BOOKMARK [1][-]{section.5.1}{\376\377\0005\000.\0001\000\040\000K\000e\000s\000i\000m\000p\000u\000l\000a\000n}{chapter.5}% 61
\BOOKMARK [1][-]{section.5.2}{\376\377\0005\000.\0002\000\040\000S\000a\000r\000a\000n}{chapter.5}% 62
\BOOKMARK [0][-]{chapter*.56}{\376\377\000D\000A\000F\000T\000A\000R\000\040\000P\000U\000S\000T\000A\000K\000A}{}% 63
\BOOKMARK [0][-]{chapter*.56}{\376\377\000B\000I\000O\000G\000R\000A\000F\000I\000\040\000P\000E\000N\000U\000L\000I\000S}{}% 64
