This is pdfTeX, Version 3.141592653-2.6-1.40.26 (TeX Live 2024) (preloaded format=pdflatex 2024.6.9)  14 JUL 2024 17:16
entering extended mode
 restricted \write18 enabled.
 file:line:error style messages enabled.
 %&-line parsing enabled.
**e:/TUGAS_AKHIR/Pembukuan/Buku/main.tex
(e:/TUGAS_AKHIR/Pembukuan/Buku/main.tex
LaTeX2e <2024-06-01>
L3 programming layer <2024-05-27>
(c:/texlive/2024/texmf-dist/tex/latex/base/report.cls
Document Class: report 2024/02/08 v1.4n Standard LaTeX document class
(c:/texlive/2024/texmf-dist/tex/latex/base/size12.clo
File: size12.clo 2024/02/08 v1.4n Standard LaTeX file (size option)
)
\c@part=\count194
\c@chapter=\count195
\c@section=\count196
\c@subsection=\count197
\c@subsubsection=\count198
\c@paragraph=\count199
\c@subparagraph=\count266
\c@figure=\count267
\c@table=\count268
\abovecaptionskip=\skip49
\belowcaptionskip=\skip50
\bibindent=\dimen141
) (c:/texlive/2024/texmf-dist/tex/latex/geometry/geometry.sty
Package: geometry 2020/01/02 v5.9 Page Geometry
 (c:/texlive/2024/texmf-dist/tex/latex/graphics/keyval.sty
Package: keyval 2022/05/29 v1.15 key=value parser (DPC)
\KV@toks@=\toks17
) (c:/texlive/2024/texmf-dist/tex/generic/iftex/ifvtex.sty
Package: ifvtex 2019/10/25 v1.7 ifvtex legacy package. Use iftex instead.
 (c:/texlive/2024/texmf-dist/tex/generic/iftex/iftex.sty
Package: iftex 2022/02/03 v1.0f TeX engine tests
))
\Gm@cnth=\count269
\Gm@cntv=\count270
\c@Gm@tempcnt=\count271
\Gm@bindingoffset=\dimen142
\Gm@wd@mp=\dimen143
\Gm@odd@mp=\dimen144
\Gm@even@mp=\dimen145
\Gm@layoutwidth=\dimen146
\Gm@layoutheight=\dimen147
\Gm@layouthoffset=\dimen148
\Gm@layoutvoffset=\dimen149
\Gm@dimlist=\toks18
) (c:/texlive/2024/texmf-dist/tex/latex/setspace/setspace.sty
Package: setspace 2022/12/04 v6.7b set line spacing
) (c:/texlive/2024/texmf-dist/tex/latex/hyperref/hyperref.sty
Package: hyperref 2024-05-23 v7.01i Hypertext links for LaTeX
 (c:/texlive/2024/texmf-dist/tex/latex/kvsetkeys/kvsetkeys.sty
Package: kvsetkeys 2022-10-05 v1.19 Key value parser (HO)
) (c:/texlive/2024/texmf-dist/tex/generic/kvdefinekeys/kvdefinekeys.sty
Package: kvdefinekeys 2019-12-19 v1.6 Define keys (HO)
) (c:/texlive/2024/texmf-dist/tex/generic/pdfescape/pdfescape.sty
Package: pdfescape 2019/12/09 v1.15 Implements pdfTeX's escape features (HO)
 (c:/texlive/2024/texmf-dist/tex/generic/ltxcmds/ltxcmds.sty
Package: ltxcmds 2023-12-04 v1.26 LaTeX kernel commands for general use (HO)
) (c:/texlive/2024/texmf-dist/tex/generic/pdftexcmds/pdftexcmds.sty
Package: pdftexcmds 2020-06-27 v0.33 Utility functions of pdfTeX for LuaTeX (HO)
 (c:/texlive/2024/texmf-dist/tex/generic/infwarerr/infwarerr.sty
Package: infwarerr 2019/12/03 v1.5 Providing info/warning/error messages (HO)
)
Package pdftexcmds Info: \pdf@primitive is available.
Package pdftexcmds Info: \pdf@ifprimitive is available.
Package pdftexcmds Info: \pdfdraftmode found.
)) (c:/texlive/2024/texmf-dist/tex/latex/hycolor/hycolor.sty
Package: hycolor 2020-01-27 v1.10 Color options for hyperref/bookmark (HO)
) (c:/texlive/2024/texmf-dist/tex/latex/hyperref/nameref.sty
Package: nameref 2023-11-26 v2.56 Cross-referencing by name of section
 (c:/texlive/2024/texmf-dist/tex/latex/refcount/refcount.sty
Package: refcount 2019/12/15 v3.6 Data extraction from label references (HO)
) (c:/texlive/2024/texmf-dist/tex/generic/gettitlestring/gettitlestring.sty
Package: gettitlestring 2019/12/15 v1.6 Cleanup title references (HO)
 (c:/texlive/2024/texmf-dist/tex/latex/kvoptions/kvoptions.sty
Package: kvoptions 2022-06-15 v3.15 Key value format for package options (HO)
))
\c@section@level=\count272
) (c:/texlive/2024/texmf-dist/tex/latex/etoolbox/etoolbox.sty
Package: etoolbox 2020/10/05 v2.5k e-TeX tools for LaTeX (JAW)
\etb@tempcnta=\count273
) (c:/texlive/2024/texmf-dist/tex/generic/stringenc/stringenc.sty
Package: stringenc 2019/11/29 v1.12 Convert strings between diff. encodings (HO)
)
\@linkdim=\dimen150
\Hy@linkcounter=\count274
\Hy@pagecounter=\count275
 (c:/texlive/2024/texmf-dist/tex/latex/hyperref/pd1enc.def
File: pd1enc.def 2024-05-23 v7.01i Hyperref: PDFDocEncoding definition (HO)
Now handling font encoding PD1 ...
... no UTF-8 mapping file for font encoding PD1
) (c:/texlive/2024/texmf-dist/tex/generic/intcalc/intcalc.sty
Package: intcalc 2019/12/15 v1.3 Expandable calculations with integers (HO)
)
\Hy@SavedSpaceFactor=\count276
 (c:/texlive/2024/texmf-dist/tex/latex/hyperref/puenc.def
File: puenc.def 2024-05-23 v7.01i Hyperref: PDF Unicode definition (HO)
Now handling font encoding PU ...
... no UTF-8 mapping file for font encoding PU
)

Package hyperref Warning: Token not allowed in a PDF string (Unicode):
(hyperref)                removing `\spacefactor' on input line 4040.


Package hyperref Warning: Token not allowed in a PDF string (Unicode):
(hyperref)                removing `\@m' on input line 4040.

Package hyperref Info: Option `bookmarksnumbered' set `true' on input line 4040.
Package hyperref Info: Hyper figures OFF on input line 4157.
Package hyperref Info: Link nesting OFF on input line 4162.
Package hyperref Info: Hyper index ON on input line 4165.
Package hyperref Info: Plain pages OFF on input line 4172.
Package hyperref Info: Backreferencing OFF on input line 4177.
Package hyperref Info: Implicit mode ON; LaTeX internals redefined.
Package hyperref Info: Bookmarks ON on input line 4424.
\c@Hy@tempcnt=\count277
(c:/texlive/2024/texmf-dist/tex/latex/url/url.sty
\Urlmuskip=\muskip17
Package: url 2013/09/16  ver 3.4  Verb mode for urls, etc.
)
LaTeX Info: Redefining \url on input line 4763.
\XeTeXLinkMargin=\dimen151
 (c:/texlive/2024/texmf-dist/tex/generic/bitset/bitset.sty
Package: bitset 2019/12/09 v1.3 Handle bit-vector datatype (HO)
 (c:/texlive/2024/texmf-dist/tex/generic/bigintcalc/bigintcalc.sty
Package: bigintcalc 2019/12/15 v1.5 Expandable calculations on big integers (HO)
))
\Fld@menulength=\count278
\Field@Width=\dimen152
\Fld@charsize=\dimen153
Package hyperref Info: Hyper figures OFF on input line 6042.
Package hyperref Info: Link nesting OFF on input line 6047.
Package hyperref Info: Hyper index ON on input line 6050.
Package hyperref Info: backreferencing OFF on input line 6057.
Package hyperref Info: Link coloring OFF on input line 6062.
Package hyperref Info: Link coloring with OCG OFF on input line 6067.
Package hyperref Info: PDF/A mode OFF on input line 6072.
 (c:/texlive/2024/texmf-dist/tex/latex/base/atbegshi-ltx.sty
Package: atbegshi-ltx 2021/01/10 v1.0c Emulation of the original atbegshi
package with kernel methods
)
\Hy@abspage=\count279
\c@Item=\count280
\c@Hfootnote=\count281
)
Package hyperref Info: Driver (autodetected): hpdftex.
 (c:/texlive/2024/texmf-dist/tex/latex/hyperref/hpdftex.def
File: hpdftex.def 2024-05-23 v7.01i Hyperref driver for pdfTeX
 (c:/texlive/2024/texmf-dist/tex/latex/base/atveryend-ltx.sty
Package: atveryend-ltx 2020/08/19 v1.0a Emulation of the original atveryend package
with kernel methods
)
\Fld@listcount=\count282
\c@bookmark@seq@number=\count283
 (c:/texlive/2024/texmf-dist/tex/latex/rerunfilecheck/rerunfilecheck.sty
Package: rerunfilecheck 2022-07-10 v1.10 Rerun checks for auxiliary files (HO)
 (c:/texlive/2024/texmf-dist/tex/generic/uniquecounter/uniquecounter.sty
Package: uniquecounter 2019/12/15 v1.4 Provide unlimited unique counter (HO)
)
Package uniquecounter Info: New unique counter `rerunfilecheck' on input line 285.
)
\Hy@SectionHShift=\skip51
) (c:/texlive/2024/texmf-dist/tex/latex/base/inputenc.sty
Package: inputenc 2024/02/08 v1.3d Input encoding file
\inpenc@prehook=\toks19
\inpenc@posthook=\toks20
) (c:/texlive/2024/texmf-dist/tex/latex/xcolor/xcolor.sty
Package: xcolor 2023/11/15 v3.01 LaTeX color extensions (UK)
 (c:/texlive/2024/texmf-dist/tex/latex/graphics-cfg/color.cfg
File: color.cfg 2016/01/02 v1.6 sample color configuration
)
Package xcolor Info: Driver file: pdftex.def on input line 274.
 (c:/texlive/2024/texmf-dist/tex/latex/graphics-def/pdftex.def
File: pdftex.def 2024/04/13 v1.2c Graphics/color driver for pdftex
) (c:/texlive/2024/texmf-dist/tex/latex/graphics/mathcolor.ltx)
Package xcolor Info: Model `cmy' substituted by `cmy0' on input line 1350.
Package xcolor Info: Model `hsb' substituted by `rgb' on input line 1354.
Package xcolor Info: Model `RGB' extended on input line 1366.
Package xcolor Info: Model `HTML' substituted by `rgb' on input line 1368.
Package xcolor Info: Model `Hsb' substituted by `hsb' on input line 1369.
Package xcolor Info: Model `tHsb' substituted by `hsb' on input line 1370.
Package xcolor Info: Model `HSB' substituted by `hsb' on input line 1371.
Package xcolor Info: Model `Gray' substituted by `gray' on input line 1372.
Package xcolor Info: Model `wave' substituted by `hsb' on input line 1373.
) (c:/texlive/2024/texmf-dist/tex/latex/colortbl/colortbl.sty
Package: colortbl 2024/05/26 v1.0h Color table columns (DPC)
 (c:/texlive/2024/texmf-dist/tex/latex/tools/array.sty
Package: array 2024/05/23 v2.6c Tabular extension package (FMi)
\col@sep=\dimen154
\ar@mcellbox=\box52
\extrarowheight=\dimen155
\NC@list=\toks21
\extratabsurround=\skip52
\backup@length=\skip53
\ar@cellbox=\box53
)
\everycr=\toks22
\minrowclearance=\skip54
\rownum=\count284
) (c:/texlive/2024/texmf-dist/tex/latex/biblatex/biblatex.sty
Package: biblatex 2024/03/21 v3.20 programmable bibliographies (PK/MW)
 (c:/texlive/2024/texmf-dist/tex/latex/logreq/logreq.sty
Package: logreq 2010/08/04 v1.0 xml request logger
\lrq@indent=\count285
 (c:/texlive/2024/texmf-dist/tex/latex/logreq/logreq.def
File: logreq.def 2010/08/04 v1.0 logreq spec v1.0
)) (c:/texlive/2024/texmf-dist/tex/latex/base/ifthen.sty
Package: ifthen 2024/03/16 v1.1e Standard LaTeX ifthen package (DPC)
)
\c@tabx@nest=\count286
\c@listtotal=\count287
\c@listcount=\count288
\c@liststart=\count289
\c@liststop=\count290
\c@citecount=\count291
\c@citetotal=\count292
\c@multicitecount=\count293
\c@multicitetotal=\count294
\c@instcount=\count295
\c@maxnames=\count296
\c@minnames=\count297
\c@maxitems=\count298
\c@minitems=\count299
\c@citecounter=\count300
\c@maxcitecounter=\count301
\c@savedcitecounter=\count302
\c@uniquelist=\count303
\c@uniquename=\count304
\c@refsection=\count305
\c@refsegment=\count306
\c@maxextratitle=\count307
\c@maxextratitleyear=\count308
\c@maxextraname=\count309
\c@maxextradate=\count310
\c@maxextraalpha=\count311
\c@abbrvpenalty=\count312
\c@highnamepenalty=\count313
\c@lownamepenalty=\count314
\c@maxparens=\count315
\c@parenlevel=\count316
\blx@tempcnta=\count317
\blx@tempcntb=\count318
\blx@tempcntc=\count319
\c@blx@maxsection=\count320
\blx@maxsegment@0=\count321
\blx@notetype=\count322
\blx@parenlevel@text=\count323
\blx@parenlevel@foot=\count324
\blx@sectionciteorder@0=\count325
\blx@sectionciteorderinternal@0=\count326
\blx@entrysetcounter=\count327
\blx@biblioinstance=\count328
\labelnumberwidth=\skip55
\labelalphawidth=\skip56
\biblabelsep=\skip57
\bibitemsep=\skip58
\bibnamesep=\skip59
\bibinitsep=\skip60
\bibparsep=\skip61
\bibhang=\skip62
\blx@bcfin=\read2
\blx@bcfout=\write3
\blx@langwohyphens=\language89
\c@mincomprange=\count329
\c@maxcomprange=\count330
\c@mincompwidth=\count331
Package biblatex Info: Trying to load biblatex default data model...
Package biblatex Info: ... file 'blx-dm.def' found.
 (c:/texlive/2024/texmf-dist/tex/latex/biblatex/blx-dm.def
File: blx-dm.def 2024/03/21 v3.20 biblatex datamodel (PK/MW)
)
Package biblatex Info: Trying to load biblatex style data model...
Package biblatex Info: ... file 'ieee.dbx' not found.
Package biblatex Info: Trying to load biblatex custom data model...
Package biblatex Info: ... file 'biblatex-dm.cfg' not found.
\c@afterword=\count332
\c@savedafterword=\count333
\c@annotator=\count334
\c@savedannotator=\count335
\c@author=\count336
\c@savedauthor=\count337
\c@bookauthor=\count338
\c@savedbookauthor=\count339
\c@commentator=\count340
\c@savedcommentator=\count341
\c@editor=\count342
\c@savededitor=\count343
\c@editora=\count344
\c@savededitora=\count345
\c@editorb=\count346
\c@savededitorb=\count347
\c@editorc=\count348
\c@savededitorc=\count349
\c@foreword=\count350
\c@savedforeword=\count351
\c@holder=\count352
\c@savedholder=\count353
\c@introduction=\count354
\c@savedintroduction=\count355
\c@namea=\count356
\c@savednamea=\count357
\c@nameb=\count358
\c@savednameb=\count359
\c@namec=\count360
\c@savednamec=\count361
\c@translator=\count362
\c@savedtranslator=\count363
\c@shortauthor=\count364
\c@savedshortauthor=\count365
\c@shorteditor=\count366
\c@savedshorteditor=\count367
\c@labelname=\count368
\c@savedlabelname=\count369
\c@institution=\count370
\c@savedinstitution=\count371
\c@lista=\count372
\c@savedlista=\count373
\c@listb=\count374
\c@savedlistb=\count375
\c@listc=\count376
\c@savedlistc=\count377
\c@listd=\count378
\c@savedlistd=\count379
\c@liste=\count380
\c@savedliste=\count381
\c@listf=\count382
\c@savedlistf=\count383
\c@location=\count384
\c@savedlocation=\count385
\c@organization=\count386
\c@savedorganization=\count387
\c@origlocation=\count388
\c@savedoriglocation=\count389
\c@origpublisher=\count390
\c@savedorigpublisher=\count391
\c@publisher=\count392
\c@savedpublisher=\count393
\c@language=\count394
\c@savedlanguage=\count395
\c@origlanguage=\count396
\c@savedoriglanguage=\count397
\c@pageref=\count398
\c@savedpageref=\count399
\shorthandwidth=\skip63
\shortjournalwidth=\skip64
\shortserieswidth=\skip65
\shorttitlewidth=\skip66
\shortauthorwidth=\skip67
\shorteditorwidth=\skip68
\locallabelnumberwidth=\skip69
\locallabelalphawidth=\skip70
\localshorthandwidth=\skip71
\localshortjournalwidth=\skip72
\localshortserieswidth=\skip73
\localshorttitlewidth=\skip74
\localshortauthorwidth=\skip75
\localshorteditorwidth=\skip76
Package biblatex Info: Trying to load compatibility code...
Package biblatex Info: ... file 'blx-compat.def' found.
 (c:/texlive/2024/texmf-dist/tex/latex/biblatex/blx-compat.def
File: blx-compat.def 2024/03/21 v3.20 biblatex compatibility (PK/MW)
)
Package biblatex Info: Trying to load generic definitions...
Package biblatex Info: ... file 'biblatex.def' found.
 (c:/texlive/2024/texmf-dist/tex/latex/biblatex/biblatex.def
File: biblatex.def 2024/03/21 v3.20 biblatex compatibility (PK/MW)
\c@textcitecount=\count400
\c@textcitetotal=\count401
\c@textcitemaxnames=\count402
\c@biburlbigbreakpenalty=\count403
\c@biburlbreakpenalty=\count404
\c@biburlnumpenalty=\count405
\c@biburlucpenalty=\count406
\c@biburllcpenalty=\count407
\biburlbigskip=\muskip18
\biburlnumskip=\muskip19
\biburlucskip=\muskip20
\biburllcskip=\muskip21
\c@smartand=\count408
)
Package biblatex Info: Trying to load bibliography style 'ieee'...
Package biblatex Info: ... file 'ieee.bbx' found.
 (c:/texlive/2024/texmf-dist/tex/latex/biblatex-ieee/ieee.bbx
File: ieee.bbx 2021/12/06 v1.3f biblatex bibliography style
Package biblatex Info: Trying to load bibliography style 'numeric-comp'...
Package biblatex Info: ... file 'numeric-comp.bbx' found.
 (c:/texlive/2024/texmf-dist/tex/latex/biblatex/bbx/numeric-comp.bbx
File: numeric-comp.bbx 2024/03/21 v3.20 biblatex bibliography style (PK/MW)
Package biblatex Info: Trying to load bibliography style 'numeric'...
Package biblatex Info: ... file 'numeric.bbx' found.
 (c:/texlive/2024/texmf-dist/tex/latex/biblatex/bbx/numeric.bbx
File: numeric.bbx 2024/03/21 v3.20 biblatex bibliography style (PK/MW)
Package biblatex Info: Trying to load bibliography style 'standard'...
Package biblatex Info: ... file 'standard.bbx' found.
 (c:/texlive/2024/texmf-dist/tex/latex/biblatex/bbx/standard.bbx
File: standard.bbx 2024/03/21 v3.20 biblatex bibliography style (PK/MW)
\c@bbx:relatedcount=\count409
\c@bbx:relatedtotal=\count410
))))
Package biblatex Info: Trying to load citation style 'ieee'...
Package biblatex Info: ... file 'ieee.cbx' found.
 (c:/texlive/2024/texmf-dist/tex/latex/biblatex-ieee/ieee.cbx
File: ieee.cbx 2021/12/06 v1.3f biblatex citation style
Package biblatex Info: Trying to load citation style 'numeric-comp'...
Package biblatex Info: ... file 'numeric-comp.cbx' found.
 (c:/texlive/2024/texmf-dist/tex/latex/biblatex/cbx/numeric-comp.cbx
File: numeric-comp.cbx 2024/03/21 v3.20 biblatex citation style (PK/MW)
\c@cbx@tempcnta=\count411
\c@cbx@tempcntb=\count412
\c@cbx@tempcntc=\count413
\c@cbx@tempcntd=\count414
Package biblatex Info: Redefining '\cite'.
Package biblatex Info: Redefining '\parencite'.
Package biblatex Info: Redefining '\footcite'.
Package biblatex Info: Redefining '\footcitetext'.
Package biblatex Info: Redefining '\smartcite'.
Package biblatex Info: Redefining '\supercite'.
Package biblatex Info: Redefining '\textcite'.
Package biblatex Info: Redefining '\textcites'.
Package biblatex Info: Redefining '\cites'.
Package biblatex Info: Redefining '\parencites'.
Package biblatex Info: Redefining '\smartcites'.
)
Package biblatex Info: Redefining '\cite'.
Package biblatex Info: Redefining '\supercite'.
Package biblatex Info: Redefining '\cites'.
)
Package biblatex Info: Trying to load configuration file...
Package biblatex Info: ... file 'biblatex.cfg' found.
 (c:/texlive/2024/texmf-dist/tex/latex/biblatex/biblatex.cfg
File: biblatex.cfg 
)
Package biblatex Info: Input encoding 'utf8' detected.
Package biblatex Info: Document encoding is UTF8 ....
 (c:/texlive/2024/texmf-dist/tex/latex/l3kernel/expl3.sty
Package: expl3 2024-05-27 L3 programming layer (loader) 
 (c:/texlive/2024/texmf-dist/tex/latex/l3backend/l3backend-pdftex.def
File: l3backend-pdftex.def 2024-05-08 L3 backend support: PDF output (pdfTeX)
\l__color_backend_stack_int=\count415
\l__pdf_internal_box=\box54
))
Package biblatex Info: ... and expl3
(biblatex)             2024-05-27 L3 programming layer (loader) 
(biblatex)             is new enough (at least 2020/04/06),
(biblatex)             setting 'casechanger=expl3'.
 (c:/texlive/2024/texmf-dist/tex/latex/biblatex/blx-case-expl3.sty (c:/texlive/2024/texmf-dist/tex/latex/l3packages/xparse/xparse.sty
Package: xparse 2024-05-08 L3 Experimental document command parser
)
Package: blx-case-expl3 2024/03/21 v3.20 expl3 case changing code for biblatex
)) (c:/texlive/2024/texmf-dist/tex/latex/changepage/changepage.sty
Package: changepage 2009/10/20 v1.0c check page and change page layout
\c@cp@cntr=\count416
\cp@tempcnt=\count417
) (c:/texlive/2024/texmf-dist/tex/latex/enumitem/enumitem.sty
Package: enumitem 2019/06/20 v3.9 Customized lists
\labelindent=\skip77
\enit@outerparindent=\dimen156
\enit@toks=\toks23
\enit@inbox=\box55
\enit@count@id=\count418
\enitdp@description=\count419
) (c:/texlive/2024/texmf-dist/tex/latex/eso-pic/eso-pic.sty
Package: eso-pic 2023/05/03 v3.0c eso-pic (RN)
\ESO@tempdima=\dimen157
\ESO@tempdimb=\dimen158
) (c:/texlive/2024/texmf-dist/tex/latex/txfonts/txfonts.sty
Package: txfonts 2008/01/22 v3.2.1
LaTeX Font Info:    Redeclaring symbol font `operators' on input line 21.
LaTeX Font Info:    Overwriting symbol font `operators' in version `normal'
(Font)                  OT1/cmr/m/n --> OT1/txr/m/n on input line 21.
LaTeX Font Info:    Overwriting symbol font `operators' in version `bold'
(Font)                  OT1/cmr/bx/n --> OT1/txr/m/n on input line 21.
LaTeX Font Info:    Overwriting symbol font `operators' in version `bold'
(Font)                  OT1/txr/m/n --> OT1/txr/bx/n on input line 22.
\symitalic=\mathgroup4
LaTeX Font Info:    Overwriting symbol font `italic' in version `bold'
(Font)                  OT1/txr/m/it --> OT1/txr/bx/it on input line 26.
LaTeX Font Info:    Redeclaring math alphabet \mathbf on input line 29.
LaTeX Font Info:    Overwriting math alphabet `\mathbf' in version `normal'
(Font)                  OT1/cmr/bx/n --> OT1/txr/bx/n on input line 29.
LaTeX Font Info:    Overwriting math alphabet `\mathbf' in version `bold'
(Font)                  OT1/cmr/bx/n --> OT1/txr/bx/n on input line 29.
LaTeX Font Info:    Redeclaring math alphabet \mathit on input line 30.
LaTeX Font Info:    Overwriting math alphabet `\mathit' in version `normal'
(Font)                  OT1/cmr/m/it --> OT1/txr/m/it on input line 30.
LaTeX Font Info:    Overwriting math alphabet `\mathit' in version `bold'
(Font)                  OT1/cmr/bx/it --> OT1/txr/m/it on input line 30.
LaTeX Font Info:    Overwriting math alphabet `\mathit' in version `bold'
(Font)                  OT1/txr/m/it --> OT1/txr/bx/it on input line 31.
LaTeX Font Info:    Redeclaring math alphabet \mathsf on input line 40.
LaTeX Font Info:    Overwriting math alphabet `\mathsf' in version `normal'
(Font)                  OT1/cmss/m/n --> OT1/txss/m/n on input line 40.
LaTeX Font Info:    Overwriting math alphabet `\mathsf' in version `bold'
(Font)                  OT1/cmss/bx/n --> OT1/txss/m/n on input line 40.
LaTeX Font Info:    Overwriting math alphabet `\mathsf' in version `bold'
(Font)                  OT1/txss/m/n --> OT1/txss/b/n on input line 41.
LaTeX Font Info:    Redeclaring math alphabet \mathtt on input line 50.
LaTeX Font Info:    Overwriting math alphabet `\mathtt' in version `normal'
(Font)                  OT1/cmtt/m/n --> OT1/txtt/m/n on input line 50.
LaTeX Font Info:    Overwriting math alphabet `\mathtt' in version `bold'
(Font)                  OT1/cmtt/m/n --> OT1/txtt/m/n on input line 50.
LaTeX Font Info:    Overwriting math alphabet `\mathtt' in version `bold'
(Font)                  OT1/txtt/m/n --> OT1/txtt/b/n on input line 51.
LaTeX Font Info:    Redeclaring symbol font `letters' on input line 58.
LaTeX Font Info:    Overwriting symbol font `letters' in version `normal'
(Font)                  OML/cmm/m/it --> OML/txmi/m/it on input line 58.
LaTeX Font Info:    Overwriting symbol font `letters' in version `bold'
(Font)                  OML/cmm/b/it --> OML/txmi/m/it on input line 58.
LaTeX Font Info:    Overwriting symbol font `letters' in version `bold'
(Font)                  OML/txmi/m/it --> OML/txmi/bx/it on input line 59.
\symlettersA=\mathgroup5
LaTeX Font Info:    Overwriting symbol font `lettersA' in version `bold'
(Font)                  U/txmia/m/it --> U/txmia/bx/it on input line 67.
LaTeX Font Info:    Redeclaring symbol font `symbols' on input line 77.
LaTeX Font Info:    Overwriting symbol font `symbols' in version `normal'
(Font)                  OMS/cmsy/m/n --> OMS/txsy/m/n on input line 77.
LaTeX Font Info:    Overwriting symbol font `symbols' in version `bold'
(Font)                  OMS/cmsy/b/n --> OMS/txsy/m/n on input line 77.
LaTeX Font Info:    Overwriting symbol font `symbols' in version `bold'
(Font)                  OMS/txsy/m/n --> OMS/txsy/bx/n on input line 78.
\symAMSa=\mathgroup6
LaTeX Font Info:    Overwriting symbol font `AMSa' in version `bold'
(Font)                  U/txsya/m/n --> U/txsya/bx/n on input line 94.
\symAMSb=\mathgroup7
LaTeX Font Info:    Overwriting symbol font `AMSb' in version `bold'
(Font)                  U/txsyb/m/n --> U/txsyb/bx/n on input line 103.
\symsymbolsC=\mathgroup8
LaTeX Font Info:    Overwriting symbol font `symbolsC' in version `bold'
(Font)                  U/txsyc/m/n --> U/txsyc/bx/n on input line 113.
LaTeX Font Info:    Redeclaring symbol font `largesymbols' on input line 120.
LaTeX Font Info:    Overwriting symbol font `largesymbols' in version `normal'
(Font)                  OMX/cmex/m/n --> OMX/txex/m/n on input line 120.
LaTeX Font Info:    Overwriting symbol font `largesymbols' in version `bold'
(Font)                  OMX/cmex/m/n --> OMX/txex/m/n on input line 120.
LaTeX Font Info:    Overwriting symbol font `largesymbols' in version `bold'
(Font)                  OMX/txex/m/n --> OMX/txex/bx/n on input line 121.
\symlargesymbolsA=\mathgroup9
LaTeX Font Info:    Overwriting symbol font `largesymbolsA' in version `bold'
(Font)                  U/txexa/m/n --> U/txexa/bx/n on input line 129.
LaTeX Font Info:    Redeclaring math symbol \mathsterling on input line 164.
LaTeX Font Info:    Redeclaring math symbol \hbar on input line 591.
LaTeX Info: Redefining \not on input line 1043.
) (c:/texlive/2024/texmf-dist/tex/latex/graphics/graphicx.sty
Package: graphicx 2021/09/16 v1.2d Enhanced LaTeX Graphics (DPC,SPQR)
 (c:/texlive/2024/texmf-dist/tex/latex/graphics/graphics.sty
Package: graphics 2024/05/23 v1.4g Standard LaTeX Graphics (DPC,SPQR)
 (c:/texlive/2024/texmf-dist/tex/latex/graphics/trig.sty
Package: trig 2023/12/02 v1.11 sin cos tan (DPC)
) (c:/texlive/2024/texmf-dist/tex/latex/graphics-cfg/graphics.cfg
File: graphics.cfg 2016/06/04 v1.11 sample graphics configuration
)
Package graphics Info: Driver file: pdftex.def on input line 106.
)
\Gin@req@height=\dimen159
\Gin@req@width=\dimen160
) (c:/texlive/2024/texmf-dist/tex/latex/lipsum/lipsum.sty (c:/texlive/2024/texmf-dist/tex/latex/l3packages/l3keys2e/l3keys2e.sty
Package: l3keys2e 2024-05-08 LaTeX2e option processing using LaTeX3 keys
)
Package: lipsum 2021-09-20 v2.7 150 paragraphs of Lorem Ipsum dummy text
\g__lipsum_par_int=\count420
\l__lipsum_a_int=\count421
\l__lipsum_b_int=\count422
 (c:/texlive/2024/texmf-dist/tex/latex/lipsum/lipsum.ltd.tex)) (c:/texlive/2024/texmf-dist/tex/latex/tools/longtable.sty
Package: longtable 2024-04-26 v4.20 Multi-page Table package (DPC)
\LTleft=\skip78
\LTright=\skip79
\LTpre=\skip80
\LTpost=\skip81
\LTchunksize=\count423
\LTcapwidth=\dimen161
\LT@head=\box56
\LT@firsthead=\box57
\LT@foot=\box58
\LT@lastfoot=\box59
\LT@gbox=\box60
\LT@cols=\count424
\LT@rows=\count425
\c@LT@tables=\count426
\c@LT@chunks=\count427
\LT@p@ftn=\toks24
) (c:/texlive/2024/texmf-dist/tex/latex/tools/tabularx.sty
Package: tabularx 2023/12/11 v2.12a `tabularx' package (DPC)
\TX@col@width=\dimen162
\TX@old@table=\dimen163
\TX@old@col=\dimen164
\TX@target=\dimen165
\TX@delta=\dimen166
\TX@cols=\count428
\TX@ftn=\toks25
) (c:/texlive/2024/texmf-dist/tex/latex/wrapfig/wrapfig.sty
\wrapoverhang=\dimen167
\WF@size=\dimen168
\c@WF@wrappedlines=\count429
\WF@box=\box61
\WF@everypar=\toks26
Package: wrapfig 2003/01/31  v 3.6
) (c:/texlive/2024/texmf-dist/tex/latex/float/float.sty
Package: float 2001/11/08 v1.3d Float enhancements (AL)
\c@float@type=\count430
\float@exts=\toks27
\float@box=\box62
\@float@everytoks=\toks28
\@floatcapt=\box63
) (c:/texlive/2024/texmf-dist/tex/latex/booktabs/booktabs.sty
Package: booktabs 2020/01/12 v1.61803398 Publication quality tables
\heavyrulewidth=\dimen169
\lightrulewidth=\dimen170
\cmidrulewidth=\dimen171
\belowrulesep=\dimen172
\belowbottomsep=\dimen173
\aboverulesep=\dimen174
\abovetopsep=\dimen175
\cmidrulesep=\dimen176
\cmidrulekern=\dimen177
\defaultaddspace=\dimen178
\@cmidla=\count431
\@cmidlb=\count432
\@aboverulesep=\dimen179
\@belowrulesep=\dimen180
\@thisruleclass=\count433
\@lastruleclass=\count434
\@thisrulewidth=\dimen181
) (c:/texlive/2024/texmf-dist/tex/latex/caption/subcaption.sty
Package: subcaption 2023/07/28 v1.6b Sub-captions (AR)
 (c:/texlive/2024/texmf-dist/tex/latex/caption/caption.sty
Package: caption 2023/08/05 v3.6o Customizing captions (AR)
 (c:/texlive/2024/texmf-dist/tex/latex/caption/caption3.sty
Package: caption3 2023/07/31 v2.4d caption3 kernel (AR)
\caption@tempdima=\dimen182
\captionmargin=\dimen183
\caption@leftmargin=\dimen184
\caption@rightmargin=\dimen185
\caption@width=\dimen186
\caption@indent=\dimen187
\caption@parindent=\dimen188
\caption@hangindent=\dimen189
Package caption Info: Standard document class detected.
)
\c@caption@flags=\count435
\c@continuedfloat=\count436
Package caption Info: changepage package is loaded.
\caption@adjustwidth@hsize=\dimen190
\caption@adjustwidth@linewidth=\dimen191
Package caption Info: float package is loaded.
Package caption Info: hyperref package is loaded.
Package caption Info: longtable package is loaded.
 (c:/texlive/2024/texmf-dist/tex/latex/caption/ltcaption.sty
Package: ltcaption 2021/01/08 v1.4c longtable captions (AR)
)
Package caption Info: wrapfig package is loaded.
)
Package caption Info: New subtype `subfigure' on input line 238.
\c@subfigure=\count437
Package caption Info: New subtype `subtable' on input line 238.
\c@subtable=\count438
) (c:/texlive/2024/texmf-dist/tex/latex/fancyhdr/fancyhdr.sty
Package: fancyhdr 2024/04/23 v4.2 Extensive control of page headers and footers
\f@nch@headwidth=\skip82
\f@nch@O@elh=\skip83
\f@nch@O@erh=\skip84
\f@nch@O@olh=\skip85
\f@nch@O@orh=\skip86
\f@nch@O@elf=\skip87
\f@nch@O@erf=\skip88
\f@nch@O@olf=\skip89
\f@nch@O@orf=\skip90
) (c:/texlive/2024/texmf-dist/tex/latex/titlesec/titlesec.sty
Package: titlesec 2023/10/27 v2.16 Sectioning titles
\ttl@box=\box64
\beforetitleunit=\skip91
\aftertitleunit=\skip92
\ttl@plus=\dimen192
\ttl@minus=\dimen193
\ttl@toksa=\toks29
\titlewidth=\dimen194
\titlewidthlast=\dimen195
\titlewidthfirst=\dimen196
) (./pustaka/variables.tex) (./pustaka/tanda-hubung.tex) (c:/texlive/2024/texmf-dist/tex/latex/listings/listings.sty
\lst@mode=\count439
\lst@gtempboxa=\box65
\lst@token=\toks30
\lst@length=\count440
\lst@currlwidth=\dimen197
\lst@column=\count441
\lst@pos=\count442
\lst@lostspace=\dimen198
\lst@width=\dimen199
\lst@newlines=\count443
\lst@lineno=\count444
\lst@maxwidth=\dimen256
 (c:/texlive/2024/texmf-dist/tex/latex/listings/lstpatch.sty
File: lstpatch.sty 2024/05/25 1.10b (Carsten Heinz)
) (c:/texlive/2024/texmf-dist/tex/latex/listings/lstmisc.sty
File: lstmisc.sty 2024/05/25 1.10b (Carsten Heinz)
\c@lstnumber=\count445
\lst@skipnumbers=\count446
\lst@framebox=\box66
) (c:/texlive/2024/texmf-dist/tex/latex/listings/listings.cfg
File: listings.cfg 2024/05/25 1.10b listings configuration
))
Package: listings 2024/05/25 1.10b (Carsten Heinz)
\@quotelevel=\count447
\@quotereset=\count448
LaTeX Font Info:    Trying to load font information for OT1+txr on input line 131.
 (c:/texlive/2024/texmf-dist/tex/latex/txfonts/ot1txr.fd
File: ot1txr.fd 2000/12/15 v3.1
) (./main.aux

LaTeX Warning: Label `fig:flowtransaksi' multiply defined.


LaTeX Warning: Label `fig:flowtransaksi' multiply defined.


LaTeX Warning: Label `fig:koneksi_web_metamask' multiply defined.


LaTeX Warning: Label `fig:bridge_transfer' multiply defined.


LaTeX Warning: Label `fig:bridge_transfer' multiply defined.

)
\openout1 = `main.aux'.

LaTeX Font Info:    Checking defaults for OML/txmi/m/it on input line 131.
LaTeX Font Info:    Trying to load font information for OML+txmi on input line 131.
 (c:/texlive/2024/texmf-dist/tex/latex/txfonts/omltxmi.fd
File: omltxmi.fd 2000/12/15 v3.1
)
LaTeX Font Info:    ... okay on input line 131.
LaTeX Font Info:    Checking defaults for OMS/txsy/m/n on input line 131.
LaTeX Font Info:    Trying to load font information for OMS+txsy on input line 131.
 (c:/texlive/2024/texmf-dist/tex/latex/txfonts/omstxsy.fd
File: omstxsy.fd 2000/12/15 v3.1
)
LaTeX Font Info:    ... okay on input line 131.
LaTeX Font Info:    Checking defaults for OT1/cmr/m/n on input line 131.
LaTeX Font Info:    ... okay on input line 131.
LaTeX Font Info:    Checking defaults for T1/cmr/m/n on input line 131.
LaTeX Font Info:    ... okay on input line 131.
LaTeX Font Info:    Checking defaults for TS1/cmr/m/n on input line 131.
LaTeX Font Info:    ... okay on input line 131.
LaTeX Font Info:    Checking defaults for OMX/txex/m/n on input line 131.
LaTeX Font Info:    Trying to load font information for OMX+txex on input line 131.
 (c:/texlive/2024/texmf-dist/tex/latex/txfonts/omxtxex.fd
File: omxtxex.fd 2000/12/15 v3.1
)
LaTeX Font Info:    ... okay on input line 131.
LaTeX Font Info:    Checking defaults for U/txexa/m/n on input line 131.
LaTeX Font Info:    Trying to load font information for U+txexa on input line 131.
 (c:/texlive/2024/texmf-dist/tex/latex/txfonts/utxexa.fd
File: utxexa.fd 2000/12/15 v3.1
)
LaTeX Font Info:    ... okay on input line 131.
LaTeX Font Info:    Checking defaults for PD1/pdf/m/n on input line 131.
LaTeX Font Info:    ... okay on input line 131.
LaTeX Font Info:    Checking defaults for PU/pdf/m/n on input line 131.
LaTeX Font Info:    ... okay on input line 131.

*geometry* driver: auto-detecting
*geometry* detected driver: pdftex
*geometry* verbose mode - [ preamble ] result:
* driver: pdftex
* paper: a4paper
* layout: <same size as paper>
* layoutoffset:(h,v)=(0.0pt,0.0pt)
* modes: twoside 
* h-part:(L,W,R)=(85.35826pt, 455.24411pt, 56.9055pt)
* v-part:(T,H,B)=(85.35826pt, 688.5567pt, 71.13188pt)
* \paperwidth=597.50787pt
* \paperheight=845.04684pt
* \textwidth=455.24411pt
* \textheight=688.5567pt
* \oddsidemargin=13.08827pt
* \evensidemargin=-15.36449pt
* \topmargin=-23.91173pt
* \headheight=12.0pt
* \headsep=25.0pt
* \topskip=12.0pt
* \footskip=30.0pt
* \marginparwidth=95.0pt
* \marginparsep=10.0pt
* \columnsep=10.0pt
* \skip\footins=10.8pt plus 4.0pt minus 2.0pt
* \hoffset=0.0pt
* \voffset=0.0pt
* \mag=1000
* \@twocolumnfalse
* \@twosidetrue
* \@mparswitchtrue
* \@reversemarginfalse
* (1in=72.27pt=25.4mm, 1cm=28.453pt)

Package hyperref Info: Link coloring OFF on input line 131.
(./main.out) (./main.out)
\@outlinefile=\write4
\openout4 = `main.out'.

 (c:/texlive/2024/texmf-dist/tex/context/base/mkii/supp-pdf.mkii
[Loading MPS to PDF converter (version 2006.09.02).]
\scratchcounter=\count449
\scratchdimen=\dimen257
\scratchbox=\box67
\nofMPsegments=\count450
\nofMParguments=\count451
\everyMPshowfont=\toks31
\MPscratchCnt=\count452
\MPscratchDim=\dimen258
\MPnumerator=\count453
\makeMPintoPDFobject=\count454
\everyMPtoPDFconversion=\toks32
) (c:/texlive/2024/texmf-dist/tex/latex/epstopdf-pkg/epstopdf-base.sty
Package: epstopdf-base 2020-01-24 v2.11 Base part for package epstopdf
Package epstopdf-base Info: Redefining graphics rule for `.eps' on input line 485.
 (c:/texlive/2024/texmf-dist/tex/latex/latexconfig/epstopdf-sys.cfg
File: epstopdf-sys.cfg 2010/07/13 v1.3 Configuration of (r)epstopdf for TeX Live
))
Package biblatex Info: Trying to load language 'english'...
Package biblatex Info: ... file 'english.lbx' found.
 (c:/texlive/2024/texmf-dist/tex/latex/biblatex/lbx/english.lbx
File: english.lbx 2024/03/21 v3.20 biblatex localization (PK/MW)
)
Package biblatex Info: Input encoding 'utf8' detected.
Package biblatex Info: Automatic encoding selection.
(biblatex)             Assuming data encoding 'utf8'.
\openout3 = `main.bcf'.

Package biblatex Info: Trying to load bibliographic data...
Package biblatex Info: ... file 'main.bbl' found.
 (./main.bbl)
Package biblatex Info: Reference section=0 on input line 131.
Package biblatex Info: Reference segment=0 on input line 131.
Package caption Info: Begin \AtBeginDocument code.
Package caption Info: listings package is loaded.
Package caption Info: End \AtBeginDocument code.
\c@lstlisting=\count455
 (./sampul/sampul-luar.tex
*geometry* verbose mode - [ newgeometry ] result:
* driver: pdftex
* paper: a4paper
* layout: <same size as paper>
* layoutoffset:(h,v)=(0.0pt,0.0pt)
* modes: twoside 
* h-part:(L,W,R)=(85.35826pt, 455.24411pt, 56.9055pt)
* v-part:(T,H,B)=(156.49014pt, 631.6512pt, 56.9055pt)
* \paperwidth=597.50787pt
* \paperheight=845.04684pt
* \textwidth=455.24411pt
* \textheight=631.6512pt
* \oddsidemargin=13.08827pt
* \evensidemargin=-15.36449pt
* \topmargin=47.22015pt
* \headheight=12.0pt
* \headsep=25.0pt
* \topskip=12.0pt
* \footskip=30.0pt
* \marginparwidth=95.0pt
* \marginparsep=10.0pt
* \columnsep=10.0pt
* \skip\footins=10.8pt plus 4.0pt minus 2.0pt
* \hoffset=0.0pt
* \voffset=0.0pt
* \mag=1000
* \@twocolumnfalse
* \@twosidetrue
* \@mparswitchtrue
* \@reversemarginfalse
* (1in=72.27pt=25.4mm, 1cm=28.453pt)

LaTeX Font Info:    Trying to load font information for OT1+txss on input line 27.
 (c:/texlive/2024/texmf-dist/tex/latex/txfonts/ot1txss.fd
File: ot1txss.fd 2000/12/15 v3.1
)
LaTeX Font Info:    Font shape `OT1/txss/m/n' will be
(Font)              scaled to size 11.39996pt on input line 27.
LaTeX Font Info:    Font shape `OT1/txss/bx/n' in size <12> not available
(Font)              Font shape `OT1/txss/b/n' tried instead on input line 34.
LaTeX Font Info:    Font shape `OT1/txss/b/n' will be
(Font)              scaled to size 11.39996pt on input line 34.
 (./sampul/konten-id.tex
LaTeX Font Info:    Font shape `OT1/txss/bx/n' in size <14.4> not available
(Font)              Font shape `OT1/txss/b/n' tried instead on input line 1.
LaTeX Font Info:    Font shape `OT1/txss/b/n' will be
(Font)              scaled to size 13.67995pt on input line 1.
LaTeX Font Info:    Font shape `OT1/txss/bx/n' in size <17.28> not available
(Font)              Font shape `OT1/txss/b/n' tried instead on input line 8.
LaTeX Font Info:    Font shape `OT1/txss/b/n' will be
(Font)              scaled to size 16.41594pt on input line 8.
LaTeX Font Info:    Font shape `OT1/txss/m/n' will be
(Font)              scaled to size 13.67995pt on input line 17.
)

<sampul/gambar/sampul-luar.png, id=258, 2107.875pt x 2981.1375pt>
File: sampul/gambar/sampul-luar.png Graphic file (type png)
<use sampul/gambar/sampul-luar.png>
Package pdftex.def Info: sampul/gambar/sampul-luar.png  used on input line 41.
(pdftex.def)             Requested size: 597.5021pt x 845.0387pt.
[1


{c:/texlive/2024/texmf-var/fonts/map/pdftex/updmap/pdftex.map}{c:/texlive/2024/texmf-dist/fonts/enc/dvips/base/8r.enc} <./sampul/gambar/sampul-luar.png>]) (./sampul/sampul-luar-tipis.tex
*geometry* verbose mode - [ newgeometry ] result:
* driver: pdftex
* paper: a4paper
* layout: <same size as paper>
* layoutoffset:(h,v)=(0.0pt,0.0pt)
* modes: twoside 
* h-part:(L,W,R)=(85.35826pt, 426.79135pt, 85.35826pt)
* v-part:(T,H,B)=(184.9429pt, 603.19844pt, 56.9055pt)
* \paperwidth=597.50787pt
* \paperheight=845.04684pt
* \textwidth=426.79135pt
* \textheight=603.19844pt
* \oddsidemargin=13.08827pt
* \evensidemargin=13.08827pt
* \topmargin=75.67291pt
* \headheight=12.0pt
* \headsep=25.0pt
* \topskip=12.0pt
* \footskip=30.0pt
* \marginparwidth=95.0pt
* \marginparsep=10.0pt
* \columnsep=10.0pt
* \skip\footins=10.8pt plus 4.0pt minus 2.0pt
* \hoffset=0.0pt
* \voffset=0.0pt
* \mag=1000
* \@twocolumnfalse
* \@twosidetrue
* \@mparswitchtrue
* \@reversemarginfalse
* (1in=72.27pt=25.4mm, 1cm=28.453pt)

 (./sampul/konten-id.tex)


pdfTeX warning (ext4): destination with the same identifier (name{page.1}) has been already used, duplicate ignored
<to be read again> 
                   \relax 
l.38 \restoregeometry
                     
<sampul/gambar/sampul-luar-tipis.png, id=265, 2107.875pt x 2981.1375pt>
File: sampul/gambar/sampul-luar-tipis.png Graphic file (type png)
<use sampul/gambar/sampul-luar-tipis.png>
Package pdftex.def Info: sampul/gambar/sampul-luar-tipis.png  used on input line 38.
(pdftex.def)             Requested size: 597.5021pt x 845.0387pt.
 [1


 <./sampul/gambar/sampul-luar-tipis.png>])

[2



] (./sampul/sampul-luar-tipis.tex
*geometry* verbose mode - [ newgeometry ] result:
* driver: pdftex
* paper: a4paper
* layout: <same size as paper>
* layoutoffset:(h,v)=(0.0pt,0.0pt)
* modes: twoside 
* h-part:(L,W,R)=(85.35826pt, 426.79135pt, 85.35826pt)
* v-part:(T,H,B)=(184.9429pt, 603.19844pt, 56.9055pt)
* \paperwidth=597.50787pt
* \paperheight=845.04684pt
* \textwidth=426.79135pt
* \textheight=603.19844pt
* \oddsidemargin=13.08827pt
* \evensidemargin=13.08827pt
* \topmargin=75.67291pt
* \headheight=12.0pt
* \headsep=25.0pt
* \topskip=12.0pt
* \footskip=30.0pt
* \marginparwidth=95.0pt
* \marginparsep=10.0pt
* \columnsep=10.0pt
* \skip\footins=10.8pt plus 4.0pt minus 2.0pt
* \hoffset=0.0pt
* \voffset=0.0pt
* \mag=1000
* \@twocolumnfalse
* \@twosidetrue
* \@mparswitchtrue
* \@reversemarginfalse
* (1in=72.27pt=25.4mm, 1cm=28.453pt)

 (./sampul/konten-en.tex
LaTeX Font Info:    Font shape `OT1/txss/bx/it' in size <17.28> not available
(Font)              Font shape `OT1/txss/b/sl' tried instead on input line 9.
LaTeX Font Info:    Font shape `OT1/txss/b/sl' will be
(Font)              scaled to size 16.41594pt on input line 9.
)

File: sampul/gambar/sampul-luar-tipis.png Graphic file (type png)
<use sampul/gambar/sampul-luar-tipis.png>
Package pdftex.def Info: sampul/gambar/sampul-luar-tipis.png  used on input line 38.
(pdftex.def)             Requested size: 597.5021pt x 845.0387pt.
[3

])

[4


] (./lainnya/lembar-pengesahan.tex
LaTeX Font Info:    Font shape `OT1/txr/b/n' in size <14.4> not available
(Font)              Font shape `OT1/txr/bx/n' tried instead on input line 3.
LaTeX Font Info:    Font shape `OT1/txr/b/n' in size <12> not available
(Font)              Font shape `OT1/txr/bx/n' tried instead on input line 10.
LaTeX Font Info:    Font shape `OT1/txr/b/n' in size <10.95> not available
(Font)              Font shape `OT1/txr/bx/n' tried instead on input line 18.
 (c:/texlive/2024/texmf-dist/tex/latex/txfonts/utxmia.fd) (c:/texlive/2024/texmf-dist/tex/latex/txfonts/utxsya.fd) (c:/texlive/2024/texmf-dist/tex/latex/txfonts/utxsyb.fd) (c:/texlive/2024/texmf-dist/tex/latex/txfonts/utxsyc.fd))

[5]

[6

] (./lainnya/lembar-pengesahan-en.tex
LaTeX Font Info:    Font shape `OT1/txr/b/it' in size <12> not available
(Font)              Font shape `OT1/txr/bx/it' tried instead on input line 10.
)

[7]

[8

] (./lainnya/pernyataan-keaslian.tex
Overfull \hbox (6.05556pt too wide) in paragraph at lines 23--24
\OT1/txr/m/n/12 BERBA-SIS BLOCKCHAIN MENG-GU-NAKAN SMART CON-TRACT PADA WEB3.0" adalah
 []

)
Underfull \hbox (badness 10000) in paragraph at lines 29--169

 []



[9]

[10

] (./lainnya/pernyataan-keaslian-en.tex)
Underfull \hbox (badness 10000) in paragraph at lines 29--171

 []



[11]

[12

] (./abstrak/abstrak-id.tex)

[1]

[2

] (./abstrak/abstrak-en.tex)

[3]

[4

] (./lainnya/kata-pengantar.tex
LaTeX Font Info:    Font shape `OT1/txr/b/n' in size <17.28> not available
(Font)              Font shape `OT1/txr/bx/n' tried instead on input line 3.

Overfull \hbox (2.99861pt too wide) in paragraph at lines 19--20
[]\OT1/txr/m/n/12 Keluarga, Ibu, Ba-pak dan Saudara ter-cinta yang telah mem-berikan dukun-gan dalam penye-
 []

)

[5]

[6

] (./main.toc

[7

]

[8])
\tf@toc=\write5
\openout5 = `main.toc'.



[9]

[10

] (./main.lof

[11

])
\tf@lof=\write6
\openout6 = `main.lof'.



[12] (./main.lot)
\tf@lot=\write7
\openout7 = `main.lot'.



[13


]

[14

] (./bab/1-pendahuluan.tex
Chapter 1.

Underfull \vbox (badness 10000) has occurred while \output is active []




pdfTeX warning (ext4): destination with the same identifier (name{page.1}) has been already used, duplicate ignored
<to be read again> 
                   \relax 
l.16 
      [1

]
Overfull \hbox (5.93858pt too wide) in paragraph at lines 25--26
[]\OT1/txr/m/n/12 Penelitian ini akan meng-gu-nakan plat-form \OT1/txr/m/it/12 blockchain \OT1/txr/m/n/12 Ethereum, mengin-gat So-lid-ity meru-
 []




pdfTeX warning (ext4): destination with the same identifier (name{page.2}) has been already used, duplicate ignored
<to be read again> 
                   \relax 
l.68   \item \textbf
                    {BAB III Metodologi} [2])


pdfTeX warning (ext4): destination with the same identifier (name{page.3}) has been already used, duplicate ignored
<to be read again> 
                   \relax 
l.211 \cleardoublepage
                       [3]


pdfTeX warning (ext4): destination with the same identifier (name{page.4}) has been already used, duplicate ignored
<to be read again> 
                   \relax 
l.211 \cleardoublepage
                       [4

] (./bab/2-tinjauan-pustaka.tex
Chapter 2.

Overfull \hbox (4.69115pt too wide) in paragraph at lines 8--8
|[]\OT1/txr/bx/n/14.4 Non-Fungible To-ken (NFT): Overview, Eval-u-a-tion, Op-por-tu-ni-ties and
 []


Package hyperref Warning: Difference (2) between bookmark levels is greater 
(hyperref)                than one, level fixed on input line 8.


Overfull \hbox (20.20789pt too wide) in paragraph at lines 12--13
[]\OT1/txr/m/n/12 Nikhil Ma-lik dan tiga rekan lain-nya menuliskan ju-r-nal peneli-tian ter-hadap tek-no-logi blockchain
 []


Overfull \hbox (16.3079pt too wide) in paragraph at lines 18--19
\OT1/txr/m/n/12 perlu di-tan-gani, seperti al-go-ritma kon-sen-sus, man-a-je-men jaringan, dan in-ter-op-er-abil-i-tas \OT1/txr/m/it/12 blockchain\OT1/txr/m/n/12 . 
 []


Underfull \vbox (badness 10000) has occurred while \output is active []




pdfTeX warning (ext4): destination with the same identifier (name{page.5}) has been already used, duplicate ignored
<to be read again> 
                   \relax 
l.19 
      [5

]
LaTeX Font Info:    Font shape `OT1/txr/b/it' in size <14.4> not available
(Font)              Font shape `OT1/txr/bx/it' tried instead on input line 22.

Overfull \hbox (1.47516pt too wide) in paragraph at lines 33--34
\OT1/txr/m/n/12 jaringan Ethereum memi-liki EVM yang memu-ngkinkan-nya un-tuk men-jalankan kode yang sama,
 []


Overfull \hbox (5.14787pt too wide) in paragraph at lines 33--34
\OT1/txr/m/n/12 memas-tikan bahwa se-tiap smart con-tract meng-hasilkan out-put yang kon-sis-ten di selu-ruh jaringan.
 []


Underfull \vbox (badness 10000) has occurred while \output is active []




pdfTeX warning (ext4): destination with the same identifier (name{page.6}) has been already used, duplicate ignored
<to be read again> 
                   \relax 
l.34 
      [6]
Overfull \hbox (9.58788pt too wide) in paragraph at lines 36--39
\OT1/txr/m/n/12 Dalam eko-sis-tem \OT1/txr/m/it/12 blockchain\OT1/txr/m/n/12 , to-ken da-pat dik-lasi-fikasikan ke dalam be-ragam kat-e-gori berdasarkan
 []

LaTeX Font Info:    Trying to load font information for TS1+txr on input line 39.
(c:/texlive/2024/texmf-dist/tex/latex/txfonts/ts1txr.fd
File: ts1txr.fd 2000/12/15 v3.1
)


pdfTeX warning (ext4): destination with the same identifier (name{page.7}) has been already used, duplicate ignored
<to be read again> 
                   \relax 
l.49 
      [7]
Underfull \vbox (badness 10000) has occurred while \output is active []




pdfTeX warning (ext4): destination with the same identifier (name{page.8}) has been already used, duplicate ignored
<to be read again> 
                   \relax 
l.61 
      [8]
Underfull \vbox (badness 10000) has occurred while \output is active []




pdfTeX warning (ext4): destination with the same identifier (name{page.9}) has been already used, duplicate ignored
<to be read again> 
                   \relax 
l.75 
      [9]
Overfull \hbox (5.07588pt too wide) in paragraph at lines 77--78
[]\OT1/txr/m/n/12 Konsep \OT1/txr/m/it/12 cross-chain in-ter-op-er-abil-ity \OT1/txr/m/n/12 men-jadi se-makin pent-ing karena memu-ngkinkan berba-
 []

)


pdfTeX warning (ext4): destination with the same identifier (name{page.10}) has been already used, duplicate ignored
<to be read again> 
                   \relax 
l.215 \cleardoublepage
                       [10] (./bab/3-metodologi.tex
Chapter 3.
<gambar/desain_sistem_new.png, id=637, 1671.99657pt x 1443.14156pt>
File: gambar/desain_sistem_new.png Graphic file (type png)
<use gambar/desain_sistem_new.png>
Package pdftex.def Info: gambar/desain_sistem_new.png  used on input line 10.
(pdftex.def)             Requested size: 284.23566pt x 245.33081pt.
<gambar/flow_transaksi_new.png, id=638, 2211.76312pt x 953.81343pt>
File: gambar/flow_transaksi_new.png Graphic file (type png)
<use gambar/flow_transaksi_new.png>
Package pdftex.def Info: gambar/flow_transaksi_new.png  used on input line 25.
(pdftex.def)             Requested size: 486.5894pt x 209.8396pt.

Overfull \hbox (31.34529pt too wide) in paragraph at lines 25--27
 [][] 
 []


Underfull \vbox (badness 3623) has occurred while \output is active []




pdfTeX warning (ext4): destination with the same identifier (name{page.11}) has been already used, duplicate ignored
<to be read again> 
                   \relax 
l.31 
      [11


 <./gambar/desain_sistem_new.png>]
Package hyperref Info: bookmark level for unknown lstlisting defaults to 0 on input line 39.
LaTeX Font Info:    Trying to load font information for OT1+txtt on input line 39.
 (c:/texlive/2024/texmf-dist/tex/latex/txfonts/ot1txtt.fd
File: ot1txtt.fd 2000/12/15 v3.1
) (./program/A.json
LaTeX Font Info:    Trying to load font information for TS1+txtt on input line 3.
 (c:/texlive/2024/texmf-dist/tex/latex/txfonts/ts1txtt.fd
File: ts1txtt.fd 2000/12/15 v3.1
))
<gambar/proses_minting.png, id=642, 1458.19781pt x 883.04906pt>
File: gambar/proses_minting.png Graphic file (type png)
<use gambar/proses_minting.png>
Package pdftex.def Info: gambar/proses_minting.png  used on input line 46.
(pdftex.def)             Requested size: 364.54855pt x 220.76172pt.

Underfull \vbox (badness 7099) has occurred while \output is active []




pdfTeX warning (ext4): destination with the same identifier (name{page.12}) has been already used, duplicate ignored
<to be read again> 
                   \relax 
l.52 
      [12 <./gambar/flow_transaksi_new.png (PNG copy)>]
Underfull \vbox (badness 2205) has occurred while \output is active []



[13 <./gambar/proses_minting.png>]
Overfull \hbox (20.41193pt too wide) in paragraph at lines 69--70
\OT1/txr/m/n/12 lebih efisien. Den-gan meng-gu-nakan Hard-hat, pengem-bang da-pat men-jalankan lingkun-gan Ethereum
 []


Underfull \vbox (badness 10000) has occurred while \output is active []



[14]
Overfull \hbox (6.33589pt too wide) in paragraph at lines 88--89
[]\OT1/txr/m/n/12 Integrasi Web3.js dalam ap-likasi Re-act.js memu-ngkinkan pengem-bang un-tuk me-man-faatkan
 []


Overfull \hbox (27.34789pt too wide) in paragraph at lines 93--94
[]\OT1/txr/m/n/12 Dalam pengem-ban-gan den-gan Re-act.js, Ethers.js mem-bantu meng-in-te-grasikan fungsi \OT1/txr/m/it/12 blockchain
 []


Overfull \hbox (13.2839pt too wide) in paragraph at lines 96--97
\OT1/txr/m/n/12 i-fikasi kode sum-ber \OT1/txr/m/it/12 smart con-tract\OT1/txr/m/n/12 , yang meru-pakan as-pek pent-ing dalam memas-tikan transparansi
 []


Underfull \vbox (badness 10000) has occurred while \output is active []



[15]
<gambar/metodologi_new_2.png, id=667, 1023.07219pt x 448.67625pt>
File: gambar/metodologi_new_2.png Graphic file (type png)
<use gambar/metodologi_new_2.png>
Package pdftex.def Info: gambar/metodologi_new_2.png  used on input line 106.
(pdftex.def)             Requested size: 358.08063pt x 157.03903pt.

Underfull \vbox (badness 6032) has occurred while \output is active []



[16 <./gambar/metodologi_new_2.png (PNG copy)>]
LaTeX Font Info:    Font shape `OT1/txtt/m/it' in size <12> not available
(Font)              Font shape `OT1/txtt/m/sl' tried instead on input line 135.

Overfull \hbox (3.6946pt too wide) in paragraph at lines 135--136
\OT1/txr/m/n/12 pen-cip-taan to-ken sebe-narnya. Ini mene-tap-kan kepemi-likan to-ken yang baru dic-etak kepada
 []


Overfull \hbox (15.8145pt too wide) in paragraph at lines 139--140
[]\OT1/txr/m/n/12 Setelah menc-etak to-ken, fungsi mem-per-barui meta-data to-ken den-gan me-mang-gil []\OT1/txtt/m/sl/12 tokenURI\OT1/txr/m/n/12 .
 []



[17]
Overfull \hbox (2.08656pt too wide) in paragraph at lines 168--169
[]\OT1/txr/m/n/12 Setelah to-ken berhasil dikunci, fungsi ke-mu-dian memicu event To-ken-Locked yang menan-
 []



[18]

[19]
Overfull \hbox (1.11461pt too wide) in paragraph at lines 222--223
\OT1/txr/m/n/12 pent-ing un-tuk au-dit dan pe-man-tauan, memu-ngkinkan ap-likasi dan layanan yang ter-hubung
 []


Overfull \hbox (7.85988pt too wide) in paragraph at lines 232--233
\OT1/txr/m/n/12 modul yang lebih kom-pre-hen-sif dan men-dukung in-ter-aksi yang lebih be-ragam den-gan blockchain,
 []



[20]
Overfull \hbox (0.5519pt too wide) in paragraph at lines 239--240
[]\OT1/txr/m/n/12 Dalam ap-likasi, kami men-gon-fig-urasi ethers.js un-tuk ter-hubung den-gan provider Ethereum,
 []


Overfull \hbox (6.9466pt too wide) in paragraph at lines 247--249
\OT1/txr/m/n/12 cara in-di-vid-ual. Dalam kon-teks fron-tend Re-act.js, ini be-rarti men-guji komponen-komponen
 []

)

[21]

[22

] (./bab/4-pengujian-analisis.tex
Chapter 4.
<gambar/tampilan_aplikasi.jpeg, id=726, 1507.6325pt x 657.45625pt>
File: gambar/tampilan_aplikasi.jpeg Graphic file (type jpg)
<use gambar/tampilan_aplikasi.jpeg>
Package pdftex.def Info: gambar/tampilan_aplikasi.jpeg  used on input line 11.
(pdftex.def)             Requested size: 452.29324pt x 197.23839pt.


[23

 <./gambar/tampilan_aplikasi.jpeg>]
<gambar/home_page.jpg, id=732, 1463.4675pt x 724.7075pt>
File: gambar/home_page.jpg Graphic file (type jpg)
<use gambar/home_page.jpg>
Package pdftex.def Info: gambar/home_page.jpg  used on input line 22.
(pdftex.def)             Requested size: 395.14151pt x 195.67363pt.
<gambar/create_page.jpeg, id=734, 1548.78625pt x 780.9175pt>
File: gambar/create_page.jpeg Graphic file (type jpg)
<use gambar/create_page.jpeg>
Package pdftex.def Info: gambar/create_page.jpeg  used on input line 33.
(pdftex.def)             Requested size: 418.17789pt x 210.85054pt.
<gambar/listing_page.jpg, id=736, 1522.68875pt x 697.60625pt>
File: gambar/listing_page.jpg Graphic file (type jpg)
<use gambar/listing_page.jpg>
Package pdftex.def Info: gambar/listing_page.jpg  used on input line 44.
(pdftex.def)             Requested size: 411.13147pt x 188.3562pt.


[24 <./gambar/home_page.jpg> <./gambar/create_page.jpeg>]
<gambar/purchase_page.jpg, id=742, 1499.6025pt x 658.46pt>
File: gambar/purchase_page.jpg Graphic file (type jpg)
<use gambar/purchase_page.jpg>
Package pdftex.def Info: gambar/purchase_page.jpg  used on input line 55.
(pdftex.def)             Requested size: 404.89809pt x 177.78658pt.


[25 <./gambar/listing_page.jpg> <./gambar/purchase_page.jpg>]
<gambar/etherscan.jpeg, id=748, 1054.94125pt x 613.29124pt>
File: gambar/etherscan.jpeg Graphic file (type jpg)
<use gambar/etherscan.jpeg>
Package pdftex.def Info: gambar/etherscan.jpeg  used on input line 73.
(pdftex.def)             Requested size: 474.71918pt x 275.9785pt.

Overfull \hbox (19.47507pt too wide) in paragraph at lines 73--75
 [][] 
 []


Overfull \hbox (8.06317pt too wide) in paragraph at lines 81--82
\OT1/txr/m/n/12 im-pan dalam \OT1/txr/m/it/12 The In-ter-plan-e-tary File Sys-tem \OT1/txr/m/n/12 (IPFS) dan ke-mu-dian da-pat di-\OT1/txr/m/it/12 publish \OT1/txr/m/n/12 pada OpenSea
 []



[26 <./gambar/etherscan.jpeg>]
<gambar/opensea.jpeg, id=753, 1606.0pt x 781.92125pt>
File: gambar/opensea.jpeg Graphic file (type jpg)
<use gambar/opensea.jpeg>
Package pdftex.def Info: gambar/opensea.jpeg  used on input line 85.
(pdftex.def)             Requested size: 449.67694pt x 218.93645pt.


[27 <./gambar/opensea.jpeg>]
Overfull \hbox (2.34386pt too wide) in paragraph at lines 109--121
 [][] 
 []

<gambar/riwayat_transaksi.jpeg, id=758, 414.54875pt x 692.5875pt>
File: gambar/riwayat_transaksi.jpeg Graphic file (type jpg)
<use gambar/riwayat_transaksi.jpeg>
Package pdftex.def Info: gambar/riwayat_transaksi.jpeg  used on input line 152.
(pdftex.def)             Requested size: 145.09422pt x 242.40926pt.


[28 <./gambar/riwayat_transaksi.jpeg>]
<gambar/detail_transaksi_etherscan.jpeg, id=764, 1100.11pt x 706.64pt>
File: gambar/detail_transaksi_etherscan.jpeg Graphic file (type jpg)
<use gambar/detail_transaksi_etherscan.jpeg>
Package pdftex.def Info: gambar/detail_transaksi_etherscan.jpeg  used on input line 166.
(pdftex.def)             Requested size: 352.04239pt x 226.12941pt.


[29 <./gambar/detail_transaksi_etherscan.jpeg>]
<gambar/detail_nft_etherscan.jpeg, id=769, 1571.8725pt x 568.1225pt>
File: gambar/detail_nft_etherscan.jpeg Graphic file (type jpg)
<use gambar/detail_nft_etherscan.jpeg>
Package pdftex.def Info: gambar/detail_nft_etherscan.jpeg  used on input line 177.
(pdftex.def)             Requested size: 471.5654pt x 170.43805pt.

Overfull \hbox (16.32129pt too wide) in paragraph at lines 177--179
 [][] 
 []

<gambar/nft_pada_opensea.jpeg, id=770, 1276.77pt x 944.52875pt>
File: gambar/nft_pada_opensea.jpeg Graphic file (type jpg)
<use gambar/nft_pada_opensea.jpeg>
Package pdftex.def Info: gambar/nft_pada_opensea.jpeg  used on input line 186.
(pdftex.def)             Requested size: 383.03395pt x 283.36081pt.


[30 <./gambar/detail_nft_etherscan.jpeg> <./gambar/nft_pada_opensea.jpeg>]
<gambar/lock_token.jpeg, id=775, 1120.185pt x 596.2275pt>
File: gambar/lock_token.jpeg Graphic file (type jpg)
<use gambar/lock_token.jpeg>
Package pdftex.def Info: gambar/lock_token.jpeg  used on input line 200.
(pdftex.def)             Requested size: 392.07062pt x 208.68274pt.
<gambar/bridge_transfer.jpeg, id=776, 351.3125pt x 170.6375pt>
File: gambar/bridge_transfer.jpeg Graphic file (type jpg)
<use gambar/bridge_transfer.jpeg>
Package pdftex.def Info: gambar/bridge_transfer.jpeg  used on input line 211.
(pdftex.def)             Requested size: 263.48372pt x 127.9778pt.


[31 <./gambar/lock_token.jpeg> <./gambar/bridge_transfer.jpeg>]
<gambar/verifikasi_metamask_wallet.jpeg, id=782, 462.72874pt x 835.12pt>
File: gambar/verifikasi_metamask_wallet.jpeg Graphic file (type jpg)
<use gambar/verifikasi_metamask_wallet.jpeg>
Package pdftex.def Info: gambar/verifikasi_metamask_wallet.jpeg  used on input line 222.
(pdftex.def)             Requested size: 148.07622pt x 267.24385pt.
<gambar/detail_pada_etherscan.jpeg, id=783, 1106.1325pt x 689.57625pt>
File: gambar/detail_pada_etherscan.jpeg Graphic file (type jpg)
<use gambar/detail_pada_etherscan.jpeg>
Package pdftex.def Info: gambar/detail_pada_etherscan.jpeg  used on input line 233.
(pdftex.def)             Requested size: 387.15218pt x 241.3553pt.


[32 <./gambar/verifikasi_metamask_wallet.jpeg> <./gambar/detail_pada_etherscan.jpeg>]
<gambar/nft_detail_etherscan2.jpeg, id=789, 1546.77875pt x 546.04pt>
File: gambar/nft_detail_etherscan2.jpeg Graphic file (type jpg)
<use gambar/nft_detail_etherscan2.jpeg>
Package pdftex.def Info: gambar/nft_detail_etherscan2.jpeg  used on input line 244.
(pdftex.def)             Requested size: 464.03722pt x 163.81326pt.

Overfull \hbox (8.7931pt too wide) in paragraph at lines 244--246
 [][] 
 []

<gambar/nft_pada_opensea_2.jpeg, id=790, 1179.40625pt x 901.3675pt>
File: gambar/nft_pada_opensea_2.jpeg Graphic file (type jpg)
<use gambar/nft_pada_opensea_2.jpeg>
Package pdftex.def Info: gambar/nft_pada_opensea_2.jpeg  used on input line 255.
(pdftex.def)             Requested size: 318.44394pt x 243.37247pt.


[33 <./gambar/nft_detail_etherscan2.jpeg> <./gambar/nft_pada_opensea_2.jpeg>]
Overfull \hbox (8.12183pt too wide) in paragraph at lines 273--274
[]\OT1/txr/m/it/12 User \OT1/txr/m/n/12 yang memi-liki NFT terse-but da-pat me-la-ku-kan \OT1/txr/m/it/12 trans-fer own-er-ship \OT1/txr/m/n/12 atau pin-dah kepemi-
 []


Overfull \hbox (4.36787pt too wide) in paragraph at lines 278--279
[]\OT1/txr/m/n/12 Berikut meru-pakan langkah-langkah dari pen-gu-jian in-te-grasi \OT1/txr/m/it/12 smart con-tract \OT1/txr/m/n/12 den-gan Web3.0
 []

<gambar/login_page.jpg, id=795, 1545.775pt x 946.53625pt>
File: gambar/login_page.jpg Graphic file (type jpg)
<use gambar/login_page.jpg>
Package pdftex.def Info: gambar/login_page.jpg  used on input line 285.
(pdftex.def)             Requested size: 401.89203pt x 246.09361pt.
<gambar/integrasi_metamask.jpg, id=797, 440.64626pt x 766.865pt>
File: gambar/integrasi_metamask.jpg Graphic file (type jpg)
<use gambar/integrasi_metamask.jpg>
Package pdftex.def Info: gambar/integrasi_metamask.jpg  used on input line 297.
(pdftex.def)             Requested size: 154.22849pt x 268.40677pt.
<gambar/metamask_konek.jpeg, id=798, 443.6575pt x 751.80875pt>
File: gambar/metamask_konek.jpeg Graphic file (type jpg)
<use gambar/metamask_konek.jpeg>
Package pdftex.def Info: gambar/metamask_konek.jpeg  used on input line 303.
(pdftex.def)             Requested size: 155.28244pt x 263.137pt.


[34 <./gambar/login_page.jpg>]
Overfull \hbox (1.5226pt too wide) in paragraph at lines 311--312
\OT1/txr/m/n/12 pada web. Ketika peng-guna menekan tombol \OT1/txr/m/it/12 Con-nect Wal-let \OT1/txr/m/n/12 maka akan di-arahkan kepada
 []

<gambar/create_nft.jpg, id=807, 1524.69624pt x 850.17625pt>
File: gambar/create_nft.jpg Graphic file (type jpg)
<use gambar/create_nft.jpg>
Package pdftex.def Info: gambar/create_nft.jpg  used on input line 317.
(pdftex.def)             Requested size: 411.6735pt x 229.55066pt.

Underfull \vbox (badness 5050) has occurred while \output is active []



[35 <./gambar/integrasi_metamask.jpg> <./gambar/metamask_konek.jpeg>]
Overfull \hbox (0.33388pt too wide) in paragraph at lines 324--325
[]\OT1/txr/m/n/12 Pada tahap awal ini peng-guna me-la-ku-kan pen-gung-ga-han NFT pada ha-la-man \OT1/txr/m/it/12 cre-ate\OT1/txr/m/n/12 . Peng-
 []

<gambar/confirm_create.jpg, id=812, 437.635pt x 767.86874pt>
File: gambar/confirm_create.jpg Graphic file (type jpg)
<use gambar/confirm_create.jpg>
Package pdftex.def Info: gambar/confirm_create.jpg  used on input line 329.
(pdftex.def)             Requested size: 140.04605pt x 245.723pt.
<gambar/confirm_upload.jpg, id=813, 433.62pt x 766.865pt>
File: gambar/confirm_upload.jpg Graphic file (type jpg)
<use gambar/confirm_upload.jpg>
Package pdftex.def Info: gambar/confirm_upload.jpg  used on input line 335.
(pdftex.def)             Requested size: 138.76123pt x 245.40181pt.


[36 <./gambar/create_nft.jpg> <./gambar/confirm_create.jpg> <./gambar/confirm_upload.jpg>]
<gambar/pinata.jpeg, id=820, 1606.0pt x 796.9775pt>
File: gambar/pinata.jpeg Graphic file (type jpg)
<use gambar/pinata.jpeg>
Package pdftex.def Info: gambar/pinata.jpeg  used on input line 349.
(pdftex.def)             Requested size: 401.49902pt x 199.24388pt.


[37 <./gambar/pinata.jpeg>]
File: gambar/confirm_create.jpg Graphic file (type jpg)
<use gambar/confirm_create.jpg>
Package pdftex.def Info: gambar/confirm_create.jpg  used on input line 360.
(pdftex.def)             Requested size: 188.17938pt x 330.17712pt.
<gambar/listed_nft.jpeg, id=827, 1556.81625pt x 876.27374pt>
File: gambar/listed_nft.jpeg Graphic file (type jpg)
<use gambar/listed_nft.jpeg>
Package pdftex.def Info: gambar/listed_nft.jpeg  used on input line 373.
(pdftex.def)             Requested size: 404.76268pt x 227.82579pt.

Underfull \vbox (badness 5022) has occurred while \output is active []



[38]
<gambar/nft_listed_home.jpeg, id=832, 1564.84625pt x 806.01125pt>
File: gambar/nft_listed_home.jpeg Graphic file (type jpg)
<use gambar/nft_listed_home.jpeg>
Package pdftex.def Info: gambar/nft_listed_home.jpeg  used on input line 386.
(pdftex.def)             Requested size: 406.85043pt x 209.55798pt.

Underfull \vbox (badness 10000) has occurred while \output is active []



[39 <./gambar/listed_nft.jpeg>]
<gambar/metamask_akun_2.jpeg, id=838, 446.66875pt x 747.79375pt>
File: gambar/metamask_akun_2.jpeg Graphic file (type jpg)
<use gambar/metamask_akun_2.jpeg>
Package pdftex.def Info: gambar/metamask_akun_2.jpeg  used on input line 399.
(pdftex.def)             Requested size: 209.93433pt x 351.4631pt.

Underfull \vbox (badness 10000) has occurred while \output is active []



[40 <./gambar/nft_listed_home.jpeg>]
Overfull \hbox (0.90984pt too wide) in paragraph at lines 406--407
[]\OT1/txr/m/n/12 Pada gam-bar []4.27[] ketika peng-guna memilih un-tuk mem-beli se-buah NFT yang di-ta-mpilkan
 []

<gambar/make_item.jpeg, id=846, 435.6275pt x 769.87625pt>
File: gambar/make_item.jpeg Graphic file (type jpg)
<use gambar/make_item.jpeg>
Package pdftex.def Info: gambar/make_item.jpeg  used on input line 410.
(pdftex.def)             Requested size: 196.03056pt x 346.44112pt.


[41 <./gambar/metamask_akun_2.jpeg>]
<gambar/home_setelah_nft_dibeli.jpg, id=851, 1550.79375pt x 841.1425pt>
File: gambar/home_setelah_nft_dibeli.jpg Graphic file (type jpg)
<use gambar/home_setelah_nft_dibeli.jpg>
Package pdftex.def Info: gambar/home_setelah_nft_dibeli.jpg  used on input line 420.
(pdftex.def)             Requested size: 387.6975pt x 210.28511pt.


[42 <./gambar/make_item.jpeg> <./gambar/home_setelah_nft_dibeli.jpg>]
<gambar/tampilan_pada_listed_items.jpeg, id=858, 1527.7075pt x 943.525pt>
File: gambar/tampilan_pada_listed_items.jpeg Graphic file (type jpg)
<use gambar/tampilan_pada_listed_items.jpeg>
Package pdftex.def Info: gambar/tampilan_pada_listed_items.jpeg  used on input line 431.
(pdftex.def)             Requested size: 381.92593pt x 235.88066pt.


[43 <./gambar/tampilan_pada_listed_items.jpeg>]
<gambar/my_purchases_akun2.jpg, id=865, 1551.7975pt x 887.315pt>
File: gambar/my_purchases_akun2.jpg Graphic file (type jpg)
<use gambar/my_purchases_akun2.jpg>
Package pdftex.def Info: gambar/my_purchases_akun2.jpg  used on input line 444.
(pdftex.def)             Requested size: 387.94843pt x 221.8282pt.


[44 <./gambar/my_purchases_akun2.jpg>]
<gambar/address_akun_kedua_nft_b.jpeg, id=871, 268.00125pt x 446.41782pt>
File: gambar/address_akun_kedua_nft_b.jpeg Graphic file (type jpg)
<use gambar/address_akun_kedua_nft_b.jpeg>
Package pdftex.def Info: gambar/address_akun_kedua_nft_b.jpeg  used on input line 459.
(pdftex.def)             Requested size: 214.40128pt x 357.13474pt.
<gambar/metamask_akun_3.jpg, id=873, 445.665pt x 753.81625pt>
File: gambar/metamask_akun_3.jpg Graphic file (type jpg)
<use gambar/metamask_akun_3.jpg>
Package pdftex.def Info: gambar/metamask_akun_3.jpg  used on input line 470.
(pdftex.def)             Requested size: 178.26283pt x 301.52116pt.

Underfull \vbox (badness 10000) has occurred while \output is active []



[45 <./gambar/address_akun_kedua_nft_b.jpeg>]
Overfull \hbox (13.32983pt too wide) in paragraph at lines 486--487
\OT1/txr/m/n/12 dari NFT yang telah di-lakukan \OT1/txr/m/it/12 trans-fer own-er-ship \OT1/txr/m/n/12 se-cara \OT1/txr/m/it/12 lo-cal-host \OT1/txr/m/n/12 maupun lin-tas \OT1/txr/m/it/12 blockchain
 []



[46 <./gambar/metamask_akun_3.jpg>]
<gambar/normal_transfer.jpg, id=883, 242.40562pt x 542.77782pt>
File: gambar/normal_transfer.jpg Graphic file (type jpg)
<use gambar/normal_transfer.jpg>
Package pdftex.def Info: gambar/normal_transfer.jpg  used on input line 497.
(pdftex.def)             Requested size: 145.44447pt x 325.6692pt.
<gambar/my_nft_b.jpg, id=884, 443.6575pt x 748.7975pt>
File: gambar/my_nft_b.jpg Graphic file (type jpg)
<use gambar/my_nft_b.jpg>
Package pdftex.def Info: gambar/my_nft_b.jpg  used on input line 508.
(pdftex.def)             Requested size: 199.64401pt x 336.95576pt.


[47 <./gambar/normal_transfer.jpg>]
<gambar/transfer_berhasil.jpg, id=889, 557.08125pt x 149.55875pt>
File: gambar/transfer_berhasil.jpg Graphic file (type jpg)
<use gambar/transfer_berhasil.jpg>
Package pdftex.def Info: gambar/transfer_berhasil.jpg  used on input line 519.
(pdftex.def)             Requested size: 389.95422pt x 104.6904pt.


[48 <./gambar/my_nft_b.jpg> <./gambar/transfer_berhasil.jpg>]
<gambar/letter_b_to_akun3.jpg, id=894, 1549.79pt x 756.8275pt>
File: gambar/letter_b_to_akun3.jpg Graphic file (type jpg)
<use gambar/letter_b_to_akun3.jpg>
Package pdftex.def Info: gambar/letter_b_to_akun3.jpg  used on input line 530.
(pdftex.def)             Requested size: 387.44655pt x 189.2064pt.
<gambar/hardhat_transaction.jpg, id=895, 1411.2725pt x 876.27374pt>
File: gambar/hardhat_transaction.jpg Graphic file (type jpg)
<use gambar/hardhat_transaction.jpg>
Package pdftex.def Info: gambar/hardhat_transaction.jpg  used on input line 541.
(pdftex.def)             Requested size: 381.04868pt x 236.59706pt.
<gambar/letter_b_akun3.jpg, id=896, 1556.81625pt x 893.3375pt>
File: gambar/letter_b_akun3.jpg Graphic file (type jpg)
<use gambar/letter_b_akun3.jpg>
Package pdftex.def Info: gambar/letter_b_akun3.jpg  used on input line 552.
(pdftex.def)             Requested size: 420.34601pt x 241.20435pt.


[49 <./gambar/letter_b_to_akun3.jpg> <./gambar/hardhat_transaction.jpg>]
<gambar/sepolia_akun.jpg, id=901, 440.64626pt x 752.8125pt>
File: gambar/sepolia_akun.jpg Graphic file (type jpg)
<use gambar/sepolia_akun.jpg>
Package pdftex.def Info: gambar/sepolia_akun.jpg  used on input line 564.
(pdftex.def)             Requested size: 141.00967pt x 240.90492pt.
<gambar/btc_akun.jpg, id=902, 467.7475pt x 716.6775pt>
File: gambar/btc_akun.jpg Graphic file (type jpg)
<use gambar/btc_akun.jpg>
Package pdftex.def Info: gambar/btc_akun.jpg  used on input line 570.
(pdftex.def)             Requested size: 149.68225pt x 229.34149pt.


[50 <./gambar/letter_b_akun3.jpg> <./gambar/sepolia_akun.jpg> <./gambar/btc_akun.jpg>]
<gambar/interoperability_1.jpg, id=907, 336.25626pt x 732.7375pt>
File: gambar/interoperability_1.jpg Graphic file (type jpg)
<use gambar/interoperability_1.jpg>
Package pdftex.def Info: gambar/interoperability_1.jpg  used on input line 585.
(pdftex.def)             Requested size: 168.12772pt x 366.36786pt.
<gambar/fungsi_lock.jpg, id=908, 426.59375pt x 590.205pt>
File: gambar/fungsi_lock.jpg Graphic file (type jpg)
<use gambar/fungsi_lock.jpg>
Package pdftex.def Info: gambar/fungsi_lock.jpg  used on input line 596.
(pdftex.def)             Requested size: 170.63446pt x 236.0778pt.


[51 <./gambar/interoperability_1.jpg>]
Overfull \hbox (7.83385pt too wide) in paragraph at lines 603--604
[]\OT1/txr/m/n/12 Setelah me-la-ku-kan kon-fir-masi pem-ba-yaran gas dari fungsi \OT1/txr/m/it/12 lock \OT1/txr/m/n/12 to-ken, kon-disi NFT berubah
 []

<gambar/bridge.jpg, id=913, 432.61626pt x 590.205pt>
File: gambar/bridge.jpg Graphic file (type jpg)
<use gambar/bridge.jpg>
Package pdftex.def Info: gambar/bridge.jpg  used on input line 607.
(pdftex.def)             Requested size: 173.04343pt x 236.0778pt.


[52 <./gambar/fungsi_lock.jpg> <./gambar/bridge.jpg>]
<gambar/smart_chain.jpg, id=919, 340.27126pt x 578.16pt>
File: gambar/smart_chain.jpg Graphic file (type jpg)
<use gambar/smart_chain.jpg>
Package pdftex.def Info: gambar/smart_chain.jpg  used on input line 620.
(pdftex.def)             Requested size: 153.12064pt x 260.16959pt.
<gambar/unlock_token.jpg, id=920, 438.63875pt x 579.16376pt>
File: gambar/unlock_token.jpg Graphic file (type jpg)
<use gambar/unlock_token.jpg>
Package pdftex.def Info: gambar/unlock_token.jpg  used on input line 631.
(pdftex.def)             Requested size: 175.45238pt x 231.66139pt.


[53 <./gambar/smart_chain.jpg> <./gambar/unlock_token.jpg>]
<gambar/interoperabilitas_2.jpg, id=925, 1071.00125pt x 592.2125pt>
File: gambar/interoperabilitas_2.jpg Graphic file (type jpg)
<use gambar/interoperabilitas_2.jpg>
Package pdftex.def Info: gambar/interoperabilitas_2.jpg  used on input line 642.
(pdftex.def)             Requested size: 428.39291pt x 236.8808pt.
<gambar/block_hash.jpg, id=926, 631.60968pt x 174.6525pt>
File: gambar/block_hash.jpg Graphic file (type jpg)
<use gambar/block_hash.jpg>
Package pdftex.def Info: gambar/block_hash.jpg  used on input line 653.
(pdftex.def)             Requested size: 442.12376pt x 122.2559pt.


[54 <./gambar/interoperabilitas_2.jpg> <./gambar/block_hash.jpg>])

[55]

[56

] (./bab/5-penutup.tex
Chapter 5.

Overfull \hbox (11.8559pt too wide) in paragraph at lines 9--11
\OT1/txr/m/n/12 Studi ini berhasil me-nun-jukkan potensi dan efek-tiv-i-tas tek-no-logi blockchain, khusus-nya Ethereum,
 []


Overfull \hbox (13.04185pt too wide) in paragraph at lines 12--13
[]\OT1/txr/m/n/12 NFT yang dikem-bangkan me-nun-jukkan in-ter-op-er-abil-i-tas lin-tas berba-gai plat-form \OT1/txr/m/it/12 blockchain
 []

)
Overfull \hbox (23.8079pt too wide) in paragraph at lines 16--227
\OT1/txr/m/n/12 mekanisme kea-manan yang da-pat melin-dungi pri-vasi peng-guna sam-bil mem-per-ta-hankan transparansi
 []



[57

]

[58

]
Overfull \hbox (11.41954pt too wide) in paragraph at lines 237--237
\OT1/txr/m/n/12 blockchain-based sys-tems us-ing trans-ac-tions,'' \OT1/txr/m/it/12 The Knowl-edge En-gi-neer-ing Re-view\OT1/txr/m/n/12 , vol. 35,
 []



[59

]

[60] (./lainnya/biografi-penulis.tex
<gambar/foto_biografi.jpg, id=967, 1204.5pt x 1606.0pt>
File: gambar/foto_biografi.jpg Graphic file (type jpg)
<use gambar/foto_biografi.jpg>
Package pdftex.def Info: gambar/foto_biografi.jpg  used on input line 14.
(pdftex.def)             Requested size: 136.57462pt x 182.10078pt.

Overfull \hbox (0.8399pt too wide) in paragraph at lines 25--26
[]\OT1/txr/m/n/12 Lebih lan-jut, Arya juga men-dalami pengem-ban-gan fron-tend meng-gu-nakan Re-act JS, meng-
 []


Overfull \hbox (5.78392pt too wide) in paragraph at lines 25--26
\OT1/txr/m/n/12 lai mengek-splo-rasi ranah blockchain dan smart con-tract den-gan meng-gu-nakan So-lid-ity, menandai
 []

)

[61

 <./gambar/foto_biografi.jpg>]

[62

] (./main.aux)
 ***********
LaTeX2e <2024-06-01>
L3 programming layer <2024-05-27>
 ***********


LaTeX Warning: There were multiply-defined labels.

Package rerunfilecheck Info: File `main.out' has not changed.
(rerunfilecheck)             Checksum: FA9BAD7BD67ACEE4DEBA5F0CFB951FA6;11788.
Package logreq Info: Writing requests to 'main.run.xml'.
\openout1 = `main.run.xml'.

 ) 
Here is how much of TeX's memory you used:
 24357 strings out of 473600
 421718 string characters out of 5732738
 2014894 words of memory out of 5000000
 46571 multiletter control sequences out of 15000+600000
 615910 words of font info for 163 fonts, out of 8000000 for 9000
 1147 hyphenation exceptions out of 8191
 75i,12n,81p,2022b,1968s stack positions out of 10000i,1000n,20000p,200000b,200000s
<c:/texlive/2024/texmf-dist/fonts/type1/public/txfonts/rtcxr.pfb><c:/texlive/2024/texmf-dist/fonts/type1/public/txfonts/rtxi.pfb><c:/texlive/2024/texmf-dist/fonts/type1/public/txfonts/rtxmi.pfb><c:/texlive/2024/texmf-dist/fonts/type1/public/txfonts/rtxr.pfb><c:/texlive/2024/texmf-dist/fonts/type1/public/txfonts/rtxsc.pfb><c:/texlive/2024/texmf-dist/fonts/type1/public/txfonts/tcxtt.pfb><c:/texlive/2024/texmf-dist/fonts/type1/public/txfonts/txsy.pfb><c:/texlive/2024/texmf-dist/fonts/type1/public/txfonts/txtt.pfb><c:/texlive/2024/texmf-dist/fonts/type1/public/txfonts/txtt.pfb><c:/texlive/2024/texmf-dist/fonts/type1/urw/helvetic/uhvb8a.pfb><c:/texlive/2024/texmf-dist/fonts/type1/urw/helvetic/uhvb8a.pfb><c:/texlive/2024/texmf-dist/fonts/type1/urw/helvetic/uhvr8a.pfb><c:/texlive/2024/texmf-dist/fonts/type1/urw/times/utmb8a.pfb><c:/texlive/2024/texmf-dist/fonts/type1/urw/times/utmbi8a.pfb><c:/texlive/2024/texmf-dist/fonts/type1/urw/times/utmr8a.pfb><c:/texlive/2024/texmf-dist/fonts/type1/urw/times/utmri8a.pfb>
Output written on main.pdf (89 pages, 4427407 bytes).
PDF statistics:
 1104 PDF objects out of 1200 (max. 8388607)
 915 compressed objects within 10 object streams
 252 named destinations out of 1000 (max. 500000)
 788 words of extra memory for PDF output out of 10000 (max. 10000000)

